"/Users/jsalem/Documents/Uchicago/CS220/cs220/Platformer/Platformer.uproject" 1
"../../../Engine/Plugins/2D/Paper2D/Paper2D.uplugin" 2
"../../../Engine/Plugins/Developer/BlankPlugin/BlankPlugin.uplugin" 3
"../../../Engine/Plugins/Developer/PerforceSourceControl/PerforceSourceControl.uplugin" 4
"../../../Engine/Plugins/Developer/SubversionSourceControl/SubversionSourceControl.uplugin" 5
"../../../Engine/Plugins/Developer/UObjectPlugin/UObjectPlugin.uplugin" 6
"../../../Engine/Plugins/Developer/VisualStudioSourceCodeAccess/VisualStudioSourceCodeAccess.uplugin" 7
"../../../Engine/Plugins/Developer/XCodeSourceCodeAccess/XCodeSourceCodeAccess.uplugin" 8
"../../../Engine/Plugins/Editor/EpicSurvey/EpicSurvey.uplugin" 9
"../../../Engine/Plugins/Editor/MacGraphicsSwitching/MacGraphicsSwitching.uplugin" 10
"../../../Engine/Plugins/Editor/PluginsEditor/PluginsEditor.uplugin" 11
"../../../Engine/Plugins/Editor/SpeedTreeImporter/SpeedTreeImporter.uplugin" 12
"../../../Engine/Plugins/Experimental/BlueprintStats/BlueprintStats.uplugin" 13
"../../../Engine/Plugins/Experimental/CharacterAI/CharacterAI.uplugin" 14
"../../../Engine/Plugins/Experimental/CodeView/CodeView.uplugin" 15
"../../../Engine/Plugins/Experimental/LiveEditor/LiveEditor.uplugin" 16
"../../../Engine/Plugins/Experimental/Phya/Phya.uplugin" 17
"../../../Engine/Plugins/Experimental/SteamVR/SteamVR.uplugin" 18
"../../../Engine/Plugins/Media/AvfMedia/AvfMedia.uplugin" 19
"../../../Engine/Plugins/Media/MediaPlayerEditor/MediaPlayerEditor.uplugin" 20
"../../../Engine/Plugins/Media/WmfMedia/WmfMedia.uplugin" 21
"../../../Engine/Plugins/Messaging/MessagingDebugger/MessagingDebugger.uplugin" 22
"../../../Engine/Plugins/Messaging/UdpMessaging/UdpMessaging.uplugin" 23
"../../../Engine/Plugins/Runtime/Advertising/IOSTapJoy/IOSTapJoy.uplugin" 24
"../../../Engine/Plugins/Runtime/Analytics/AnalyticsBlueprintLibrary/AnalyticsBlueprintLibrary.uplugin" 25
"../../../Engine/Plugins/Runtime/Analytics/Apsalar/IOSApsalar/IOSApsalar.uplugin" 26
"../../../Engine/Plugins/Runtime/Analytics/FileLogging/FileLogging.uplugin" 27
"../../../Engine/Plugins/Runtime/AndroidDeviceProfileSelector/AndroidDeviceProfileSelector.uplugin" 28
"../../../Engine/Plugins/Runtime/AppleMoviePlayer/AppleMoviePlayer.uplugin" 29
"../../../Engine/Plugins/Runtime/CableComponent/CableComponent.uplugin" 30
"../../../Engine/Plugins/Runtime/CustomMeshComponent/CustomMeshComponent.uplugin" 31
"../../../Engine/Plugins/Runtime/ExampleDeviceProfileSelector/ExampleDeviceProfileSelector.uplugin" 32
"../../../Engine/Plugins/Runtime/IOSDeviceProfileSelector/IOSDeviceProfileSelector.uplugin" 33
"../../../Engine/Plugins/Runtime/LiveEditorListenServer/LiveEditorListenServer.uplugin" 34
"../../../Engine/Plugins/Runtime/OculusRift/OculusRift.uplugin" 35
"../../../Engine/Plugins/Runtime/SoundMod/SoundMod.uplugin" 36
"../../../Engine/Plugins/Runtime/SoundVisualizations/SoundVisualizations.uplugin" 37
"../../../Engine/Plugins/Runtime/TwitchLiveStreaming/TwitchLiveStreaming.uplugin" 38
"../../../Engine/Plugins/Runtime/WindowsDeviceProfileSelector/WindowsDeviceProfileSelector.uplugin" 39
"../../../Engine/Plugins/Runtime/WindowsMoviePlayer/WindowsMoviePlayer.uplugin" 40
"../../../Engine/Plugins/ScriptGeneratorPlugin/ScriptGeneratorPlugin.uplugin" 41
"../../../Engine/Plugins/ScriptPlugin/ScriptPlugin.uplugin" 42
"../../../Engine/Plugins/Slate/SlateRemote/SlateRemote.uplugin" 43
"../../../Engine/Content/Localization/ICU/icudt53l/cnvalias.icu" 44
"../../../Engine/Content/Localization/ICU/icudt53l/res_index.res" 45
"../../../Engine/Content/Localization/ICU/icudt53l/coll/ucadata.icu" 46
"../../../Engine/Content/Localization/ICU/icudt53l/nfc.nrm" 47
"../../../Engine/Content/Localization/ICU/icudt53l/coll/de.res" 48
"../../../Engine/Content/Localization/ICU/icudt53l/coll/root.res" 49
"../../../Engine/Content/Localization/ICU/icudt53l/de.res" 50
"../../../Engine/Content/Localization/ICU/icudt53l/pool.res" 51
"../../../Engine/Content/Localization/ICU/icudt53l/root.res" 52
"../../../Engine/Content/Localization/ICU/icudt53l/numberingSystems.res" 53
"../../../Engine/Content/Localization/ICU/icudt53l/curr/supplementalData.res" 54
"../../../Engine/Content/Localization/ICU/icudt53l/curr/pool.res" 55
"../../../Engine/Content/Localization/ICU/icudt53l/curr/de.res" 56
"../../../Engine/Content/Localization/ICU/icudt53l/curr/root.res" 57
"../../../Engine/Content/Localization/ICU/icudt53l/en_US_POSIX.res" 58
"../../../Engine/Content/Localization/ICU/icudt53l/en_US.res" 59
"../../../Engine/Content/Localization/ICU/icudt53l/en.res" 60
"../../../Engine/Content/Localization/ICU/icudt53l/plurals.res" 61
"../../../Engine/Content/Localization/ICU/icudt53l/zoneinfo64.res" 62
"../../../Engine/Content/Localization/ICU/icudt53l/keyTypeData.res" 63
"../../../Engine/Content/Localization/ICU/icudt53l/timezoneTypes.res" 64
"../../../Engine/Content/Localization/ICU/icudt53l/likelySubtags.res" 65
"../../../Engine/Content/Localization/ICU/icudt53l/supplementalData.res" 66
"../../../Engine/Content/Localization/ICU/icudt53l/de_DE.res" 67
"../../../Engine/Content/Localization/ICU/icudt53l/de_AT.res" 68
"../../../Engine/Content/Localization/ICU/icudt53l/de_BE.res" 69
"../../../Engine/Content/Localization/ICU/icudt53l/de_CH.res" 70
"../../../Engine/Content/Localization/ICU/icudt53l/curr/de_CH.res" 71
"../../../Engine/Content/Localization/ICU/icudt53l/de_LI.res" 72
"../../../Engine/Content/Localization/ICU/icudt53l/de_LU.res" 73
"../../../Engine/Content/Localization/ICU/icudt53l/curr/de_LU.res" 74
"../../../Engine/Content/Localization/ICU/icudt53l/coll/en.res" 75
"../../../Engine/Content/Localization/ICU/icudt53l/curr/en.res" 76
"../../../Engine/Content/Localization/ICU/icudt53l/en_001.res" 77
"../../../Engine/Content/Localization/ICU/icudt53l/curr/en_001.res" 78
"../../../Engine/Content/Localization/ICU/icudt53l/en_150.res" 79
"../../../Engine/Content/Localization/ICU/icudt53l/en_GB.res" 80
"../../../Engine/Content/Localization/ICU/icudt53l/curr/en_150.res" 81
"../../../Engine/Content/Localization/ICU/icudt53l/curr/en_GB.res" 82
"../../../Engine/Content/Localization/ICU/icudt53l/en_AG.res" 83
"../../../Engine/Content/Localization/ICU/icudt53l/curr/en_AG.res" 84
"../../../Engine/Content/Localization/ICU/icudt53l/en_AI.res" 85
"../../../Engine/Content/Localization/ICU/icudt53l/curr/en_AI.res" 86
"../../../Engine/Content/Localization/ICU/icudt53l/en_AS.res" 87
"../../../Engine/Content/Localization/ICU/icudt53l/en_AU.res" 88
"../../../Engine/Content/Localization/ICU/icudt53l/curr/en_AU.res" 89
"../../../Engine/Content/Localization/ICU/icudt53l/en_BB.res" 90
"../../../Engine/Content/Localization/ICU/icudt53l/curr/en_BB.res" 91
"../../../Engine/Content/Localization/ICU/icudt53l/en_BE.res" 92
"../../../Engine/Content/Localization/ICU/icudt53l/curr/en_BE.res" 93
"../../../Engine/Content/Localization/ICU/icudt53l/en_BM.res" 94
"../../../Engine/Content/Localization/ICU/icudt53l/curr/en_BM.res" 95
"../../../Engine/Content/Localization/ICU/icudt53l/en_BS.res" 96
"../../../Engine/Content/Localization/ICU/icudt53l/curr/en_BS.res" 97
"../../../Engine/Content/Localization/ICU/icudt53l/en_BW.res" 98
"../../../Engine/Content/Localization/ICU/icudt53l/curr/en_BW.res" 99
"../../../Engine/Content/Localization/ICU/icudt53l/en_BZ.res" 100
"../../../Engine/Content/Localization/ICU/icudt53l/curr/en_BZ.res" 101
"../../../Engine/Content/Localization/ICU/icudt53l/en_CA.res" 102
"../../../Engine/Content/Localization/ICU/icudt53l/curr/en_CA.res" 103
"../../../Engine/Content/Localization/ICU/icudt53l/en_CC.res" 104
"../../../Engine/Content/Localization/ICU/icudt53l/curr/en_CC.res" 105
"../../../Engine/Content/Localization/ICU/icudt53l/en_CK.res" 106
"../../../Engine/Content/Localization/ICU/icudt53l/curr/en_CK.res" 107
"../../../Engine/Content/Localization/ICU/icudt53l/en_CM.res" 108
"../../../Engine/Content/Localization/ICU/icudt53l/curr/en_CM.res" 109
"../../../Engine/Content/Localization/ICU/icudt53l/en_CX.res" 110
"../../../Engine/Content/Localization/ICU/icudt53l/curr/en_CX.res" 111
"../../../Engine/Content/Localization/ICU/icudt53l/en_DG.res" 112
"../../../Engine/Content/Localization/ICU/icudt53l/curr/en_DG.res" 113
"../../../Engine/Content/Localization/ICU/icudt53l/en_DM.res" 114
"../../../Engine/Content/Localization/ICU/icudt53l/curr/en_DM.res" 115
"../../../Engine/Content/Localization/ICU/icudt53l/en_ER.res" 116
"../../../Engine/Content/Localization/ICU/icudt53l/curr/en_ER.res" 117
"../../../Engine/Content/Localization/ICU/icudt53l/en_FJ.res" 118
"../../../Engine/Content/Localization/ICU/icudt53l/curr/en_FJ.res" 119
"../../../Engine/Content/Localization/ICU/icudt53l/en_FK.res" 120
"../../../Engine/Content/Localization/ICU/icudt53l/curr/en_FK.res" 121
"../../../Engine/Content/Localization/ICU/icudt53l/en_FM.res" 122
"../../../Engine/Content/Localization/ICU/icudt53l/curr/en_FM.res" 123
"../../../Engine/Content/Localization/ICU/icudt53l/en_GD.res" 124
"../../../Engine/Content/Localization/ICU/icudt53l/curr/en_GD.res" 125
"../../../Engine/Content/Localization/ICU/icudt53l/en_GG.res" 126
"../../../Engine/Content/Localization/ICU/icudt53l/curr/en_GG.res" 127
"../../../Engine/Content/Localization/ICU/icudt53l/en_GH.res" 128
"../../../Engine/Content/Localization/ICU/icudt53l/curr/en_GH.res" 129
"../../../Engine/Content/Localization/ICU/icudt53l/en_GI.res" 130
"../../../Engine/Content/Localization/ICU/icudt53l/curr/en_GI.res" 131
"../../../Engine/Content/Localization/ICU/icudt53l/en_GM.res" 132
"../../../Engine/Content/Localization/ICU/icudt53l/curr/en_GM.res" 133
"../../../Engine/Content/Localization/ICU/icudt53l/en_GU.res" 134
"../../../Engine/Content/Localization/ICU/icudt53l/en_GY.res" 135
"../../../Engine/Content/Localization/ICU/icudt53l/curr/en_GY.res" 136
"../../../Engine/Content/Localization/ICU/icudt53l/en_HK.res" 137
"../../../Engine/Content/Localization/ICU/icudt53l/curr/en_HK.res" 138
"../../../Engine/Content/Localization/ICU/icudt53l/en_IE.res" 139
"../../../Engine/Content/Localization/ICU/icudt53l/curr/en_IE.res" 140
"../../../Engine/Content/Localization/ICU/icudt53l/en_IM.res" 141
"../../../Engine/Content/Localization/ICU/icudt53l/curr/en_IM.res" 142
"../../../Engine/Content/Localization/ICU/icudt53l/en_IN.res" 143
"../../../Engine/Content/Localization/ICU/icudt53l/curr/en_IN.res" 144
"../../../Engine/Content/Localization/ICU/icudt53l/en_IO.res" 145
"../../../Engine/Content/Localization/ICU/icudt53l/curr/en_IO.res" 146
"../../../Engine/Content/Localization/ICU/icudt53l/en_JE.res" 147
"../../../Engine/Content/Localization/ICU/icudt53l/curr/en_JE.res" 148
"../../../Engine/Content/Localization/ICU/icudt53l/en_JM.res" 149
"../../../Engine/Content/Localization/ICU/icudt53l/curr/en_JM.res" 150
"../../../Engine/Content/Localization/ICU/icudt53l/en_KE.res" 151
"../../../Engine/Content/Localization/ICU/icudt53l/curr/en_KE.res" 152
"../../../Engine/Content/Localization/ICU/icudt53l/en_KI.res" 153
"../../../Engine/Content/Localization/ICU/icudt53l/curr/en_KI.res" 154
"../../../Engine/Content/Localization/ICU/icudt53l/en_KN.res" 155
"../../../Engine/Content/Localization/ICU/icudt53l/curr/en_KN.res" 156
"../../../Engine/Content/Localization/ICU/icudt53l/en_KY.res" 157
"../../../Engine/Content/Localization/ICU/icudt53l/curr/en_KY.res" 158
"../../../Engine/Content/Localization/ICU/icudt53l/en_LC.res" 159
"../../../Engine/Content/Localization/ICU/icudt53l/curr/en_LC.res" 160
"../../../Engine/Content/Localization/ICU/icudt53l/en_LR.res" 161
"../../../Engine/Content/Localization/ICU/icudt53l/curr/en_LR.res" 162
"../../../Engine/Content/Localization/ICU/icudt53l/en_LS.res" 163
"../../../Engine/Content/Localization/ICU/icudt53l/curr/en_LS.res" 164
"../../../Engine/Content/Localization/ICU/icudt53l/en_MG.res" 165
"../../../Engine/Content/Localization/ICU/icudt53l/curr/en_MG.res" 166
"../../../Engine/Content/Localization/ICU/icudt53l/en_MH.res" 167
"../../../Engine/Content/Localization/ICU/icudt53l/en_MO.res" 168
"../../../Engine/Content/Localization/ICU/icudt53l/curr/en_MO.res" 169
"../../../Engine/Content/Localization/ICU/icudt53l/en_MP.res" 170
"../../../Engine/Content/Localization/ICU/icudt53l/en_MS.res" 171
"../../../Engine/Content/Localization/ICU/icudt53l/curr/en_MS.res" 172
"../../../Engine/Content/Localization/ICU/icudt53l/en_MT.res" 173
"../../../Engine/Content/Localization/ICU/icudt53l/curr/en_MT.res" 174
"../../../Engine/Content/Localization/ICU/icudt53l/en_MU.res" 175
"../../../Engine/Content/Localization/ICU/icudt53l/curr/en_MU.res" 176
"../../../Engine/Content/Localization/ICU/icudt53l/en_MW.res" 177
"../../../Engine/Content/Localization/ICU/icudt53l/curr/en_MW.res" 178
"../../../Engine/Content/Localization/ICU/icudt53l/en_NA.res" 179
"../../../Engine/Content/Localization/ICU/icudt53l/curr/en_NA.res" 180
"../../../Engine/Content/Localization/ICU/icudt53l/en_NF.res" 181
"../../../Engine/Content/Localization/ICU/icudt53l/curr/en_NF.res" 182
"../../../Engine/Content/Localization/ICU/icudt53l/en_NG.res" 183
"../../../Engine/Content/Localization/ICU/icudt53l/curr/en_NG.res" 184
"../../../Engine/Content/Localization/ICU/icudt53l/en_NR.res" 185
"../../../Engine/Content/Localization/ICU/icudt53l/curr/en_NR.res" 186
"../../../Engine/Content/Localization/ICU/icudt53l/en_NU.res" 187
"../../../Engine/Content/Localization/ICU/icudt53l/curr/en_NU.res" 188
"../../../Engine/Content/Localization/ICU/icudt53l/en_NZ.res" 189
"../../../Engine/Content/Localization/ICU/icudt53l/curr/en_NZ.res" 190
"../../../Engine/Content/Localization/ICU/icudt53l/en_PG.res" 191
"../../../Engine/Content/Localization/ICU/icudt53l/curr/en_PG.res" 192
"../../../Engine/Content/Localization/ICU/icudt53l/en_PH.res" 193
"../../../Engine/Content/Localization/ICU/icudt53l/curr/en_PH.res" 194
"../../../Engine/Content/Localization/ICU/icudt53l/en_PK.res" 195
"../../../Engine/Content/Localization/ICU/icudt53l/curr/en_PK.res" 196
"../../../Engine/Content/Localization/ICU/icudt53l/en_PN.res" 197
"../../../Engine/Content/Localization/ICU/icudt53l/curr/en_PN.res" 198
"../../../Engine/Content/Localization/ICU/icudt53l/en_PR.res" 199
"../../../Engine/Content/Localization/ICU/icudt53l/en_PW.res" 200
"../../../Engine/Content/Localization/ICU/icudt53l/curr/en_PW.res" 201
"../../../Engine/Content/Localization/ICU/icudt53l/en_RW.res" 202
"../../../Engine/Content/Localization/ICU/icudt53l/curr/en_RW.res" 203
"../../../Engine/Content/Localization/ICU/icudt53l/en_SB.res" 204
"../../../Engine/Content/Localization/ICU/icudt53l/curr/en_SB.res" 205
"../../../Engine/Content/Localization/ICU/icudt53l/en_SC.res" 206
"../../../Engine/Content/Localization/ICU/icudt53l/curr/en_SC.res" 207
"../../../Engine/Content/Localization/ICU/icudt53l/en_SD.res" 208
"../../../Engine/Content/Localization/ICU/icudt53l/curr/en_SD.res" 209
"../../../Engine/Content/Localization/ICU/icudt53l/en_SG.res" 210
"../../../Engine/Content/Localization/ICU/icudt53l/curr/en_SG.res" 211
"../../../Engine/Content/Localization/ICU/icudt53l/en_SH.res" 212
"../../../Engine/Content/Localization/ICU/icudt53l/curr/en_SH.res" 213
"../../../Engine/Content/Localization/ICU/icudt53l/en_SL.res" 214
"../../../Engine/Content/Localization/ICU/icudt53l/curr/en_SL.res" 215
"../../../Engine/Content/Localization/ICU/icudt53l/en_SS.res" 216
"../../../Engine/Content/Localization/ICU/icudt53l/curr/en_SS.res" 217
"../../../Engine/Content/Localization/ICU/icudt53l/en_SX.res" 218
"../../../Engine/Content/Localization/ICU/icudt53l/curr/en_SX.res" 219
"../../../Engine/Content/Localization/ICU/icudt53l/en_SZ.res" 220
"../../../Engine/Content/Localization/ICU/icudt53l/curr/en_SZ.res" 221
"../../../Engine/Content/Localization/ICU/icudt53l/en_TC.res" 222
"../../../Engine/Content/Localization/ICU/icudt53l/curr/en_TC.res" 223
"../../../Engine/Content/Localization/ICU/icudt53l/en_TK.res" 224
"../../../Engine/Content/Localization/ICU/icudt53l/curr/en_TK.res" 225
"../../../Engine/Content/Localization/ICU/icudt53l/en_TO.res" 226
"../../../Engine/Content/Localization/ICU/icudt53l/curr/en_TO.res" 227
"../../../Engine/Content/Localization/ICU/icudt53l/en_TT.res" 228
"../../../Engine/Content/Localization/ICU/icudt53l/curr/en_TT.res" 229
"../../../Engine/Content/Localization/ICU/icudt53l/en_TV.res" 230
"../../../Engine/Content/Localization/ICU/icudt53l/curr/en_TV.res" 231
"../../../Engine/Content/Localization/ICU/icudt53l/en_TZ.res" 232
"../../../Engine/Content/Localization/ICU/icudt53l/curr/en_TZ.res" 233
"../../../Engine/Content/Localization/ICU/icudt53l/en_UG.res" 234
"../../../Engine/Content/Localization/ICU/icudt53l/curr/en_UG.res" 235
"../../../Engine/Content/Localization/ICU/icudt53l/en_UM.res" 236
"../../../Engine/Content/Localization/ICU/icudt53l/coll/en_US.res" 237
"../../../Engine/Content/Localization/ICU/icudt53l/coll/en_US_POSIX.res" 238
"../../../Engine/Content/Localization/ICU/icudt53l/en_VC.res" 239
"../../../Engine/Content/Localization/ICU/icudt53l/curr/en_VC.res" 240
"../../../Engine/Content/Localization/ICU/icudt53l/en_VG.res" 241
"../../../Engine/Content/Localization/ICU/icudt53l/curr/en_VG.res" 242
"../../../Engine/Content/Localization/ICU/icudt53l/en_VI.res" 243
"../../../Engine/Content/Localization/ICU/icudt53l/en_VU.res" 244
"../../../Engine/Content/Localization/ICU/icudt53l/curr/en_VU.res" 245
"../../../Engine/Content/Localization/ICU/icudt53l/en_WS.res" 246
"../../../Engine/Content/Localization/ICU/icudt53l/curr/en_WS.res" 247
"../../../Engine/Content/Localization/ICU/icudt53l/en_ZA.res" 248
"../../../Engine/Content/Localization/ICU/icudt53l/curr/en_ZA.res" 249
"../../../Engine/Content/Localization/ICU/icudt53l/en_ZM.res" 250
"../../../Engine/Content/Localization/ICU/icudt53l/curr/en_ZM.res" 251
"../../../Engine/Content/Localization/ICU/icudt53l/en_ZW.res" 252
"../../../Engine/Content/Localization/ICU/icudt53l/curr/en_ZW.res" 253
"../../../Engine/Content/Localization/ICU/icudt53l/coll/es.res" 254
"../../../Engine/Content/Localization/ICU/icudt53l/es.res" 255
"../../../Engine/Content/Localization/ICU/icudt53l/curr/es.res" 256
"../../../Engine/Content/Localization/ICU/icudt53l/es_ES.res" 257
"../../../Engine/Content/Localization/ICU/icudt53l/es_419.res" 258
"../../../Engine/Content/Localization/ICU/icudt53l/es_AR.res" 259
"../../../Engine/Content/Localization/ICU/icudt53l/curr/es_AR.res" 260
"../../../Engine/Content/Localization/ICU/icudt53l/es_BO.res" 261
"../../../Engine/Content/Localization/ICU/icudt53l/curr/es_BO.res" 262
"../../../Engine/Content/Localization/ICU/icudt53l/es_CL.res" 263
"../../../Engine/Content/Localization/ICU/icudt53l/curr/es_CL.res" 264
"../../../Engine/Content/Localization/ICU/icudt53l/es_CO.res" 265
"../../../Engine/Content/Localization/ICU/icudt53l/curr/es_CO.res" 266
"../../../Engine/Content/Localization/ICU/icudt53l/es_CR.res" 267
"../../../Engine/Content/Localization/ICU/icudt53l/curr/es_CR.res" 268
"../../../Engine/Content/Localization/ICU/icudt53l/es_CU.res" 269
"../../../Engine/Content/Localization/ICU/icudt53l/curr/es_CU.res" 270
"../../../Engine/Content/Localization/ICU/icudt53l/es_DO.res" 271
"../../../Engine/Content/Localization/ICU/icudt53l/curr/es_DO.res" 272
"../../../Engine/Content/Localization/ICU/icudt53l/es_EA.res" 273
"../../../Engine/Content/Localization/ICU/icudt53l/es_EC.res" 274
"../../../Engine/Content/Localization/ICU/icudt53l/curr/es_EC.res" 275
"../../../Engine/Content/Localization/ICU/icudt53l/es_GQ.res" 276
"../../../Engine/Content/Localization/ICU/icudt53l/es_GT.res" 277
"../../../Engine/Content/Localization/ICU/icudt53l/curr/es_GT.res" 278
"../../../Engine/Content/Localization/ICU/icudt53l/es_HN.res" 279
"../../../Engine/Content/Localization/ICU/icudt53l/curr/es_HN.res" 280
"../../../Engine/Content/Localization/ICU/icudt53l/es_IC.res" 281
"../../../Engine/Content/Localization/ICU/icudt53l/es_MX.res" 282
"../../../Engine/Content/Localization/ICU/icudt53l/curr/es_MX.res" 283
"../../../Engine/Content/Localization/ICU/icudt53l/es_NI.res" 284
"../../../Engine/Content/Localization/ICU/icudt53l/curr/es_NI.res" 285
"../../../Engine/Content/Localization/ICU/icudt53l/es_PA.res" 286
"../../../Engine/Content/Localization/ICU/icudt53l/curr/es_PA.res" 287
"../../../Engine/Content/Localization/ICU/icudt53l/es_PE.res" 288
"../../../Engine/Content/Localization/ICU/icudt53l/curr/es_PE.res" 289
"../../../Engine/Content/Localization/ICU/icudt53l/es_PH.res" 290
"../../../Engine/Content/Localization/ICU/icudt53l/curr/es_PH.res" 291
"../../../Engine/Content/Localization/ICU/icudt53l/es_PR.res" 292
"../../../Engine/Content/Localization/ICU/icudt53l/curr/es_PR.res" 293
"../../../Engine/Content/Localization/ICU/icudt53l/es_PY.res" 294
"../../../Engine/Content/Localization/ICU/icudt53l/curr/es_PY.res" 295
"../../../Engine/Content/Localization/ICU/icudt53l/es_SV.res" 296
"../../../Engine/Content/Localization/ICU/icudt53l/curr/es_SV.res" 297
"../../../Engine/Content/Localization/ICU/icudt53l/es_US.res" 298
"../../../Engine/Content/Localization/ICU/icudt53l/curr/es_US.res" 299
"../../../Engine/Content/Localization/ICU/icudt53l/es_UY.res" 300
"../../../Engine/Content/Localization/ICU/icudt53l/curr/es_UY.res" 301
"../../../Engine/Content/Localization/ICU/icudt53l/es_VE.res" 302
"../../../Engine/Content/Localization/ICU/icudt53l/curr/es_VE.res" 303
"../../../Engine/Content/Localization/ICU/icudt53l/coll/fr.res" 304
"../../../Engine/Content/Localization/ICU/icudt53l/fr.res" 305
"../../../Engine/Content/Localization/ICU/icudt53l/curr/fr.res" 306
"../../../Engine/Content/Localization/ICU/icudt53l/fr_FR.res" 307
"../../../Engine/Content/Localization/ICU/icudt53l/fr_BE.res" 308
"../../../Engine/Content/Localization/ICU/icudt53l/fr_BF.res" 309
"../../../Engine/Content/Localization/ICU/icudt53l/fr_BI.res" 310
"../../../Engine/Content/Localization/ICU/icudt53l/curr/fr_BI.res" 311
"../../../Engine/Content/Localization/ICU/icudt53l/fr_BJ.res" 312
"../../../Engine/Content/Localization/ICU/icudt53l/fr_BL.res" 313
"../../../Engine/Content/Localization/ICU/icudt53l/coll/fr_CA.res" 314
"../../../Engine/Content/Localization/ICU/icudt53l/fr_CA.res" 315
"../../../Engine/Content/Localization/ICU/icudt53l/curr/fr_CA.res" 316
"../../../Engine/Content/Localization/ICU/icudt53l/fr_CD.res" 317
"../../../Engine/Content/Localization/ICU/icudt53l/curr/fr_CD.res" 318
"../../../Engine/Content/Localization/ICU/icudt53l/fr_CF.res" 319
"../../../Engine/Content/Localization/ICU/icudt53l/fr_CG.res" 320
"../../../Engine/Content/Localization/ICU/icudt53l/fr_CH.res" 321
"../../../Engine/Content/Localization/ICU/icudt53l/curr/fr_CH.res" 322
"../../../Engine/Content/Localization/ICU/icudt53l/fr_CI.res" 323
"../../../Engine/Content/Localization/ICU/icudt53l/fr_CM.res" 324
"../../../Engine/Content/Localization/ICU/icudt53l/fr_DJ.res" 325
"../../../Engine/Content/Localization/ICU/icudt53l/curr/fr_DJ.res" 326
"../../../Engine/Content/Localization/ICU/icudt53l/fr_DZ.res" 327
"../../../Engine/Content/Localization/ICU/icudt53l/curr/fr_DZ.res" 328
"../../../Engine/Content/Localization/ICU/icudt53l/fr_GA.res" 329
"../../../Engine/Content/Localization/ICU/icudt53l/fr_GF.res" 330
"../../../Engine/Content/Localization/ICU/icudt53l/fr_GN.res" 331
"../../../Engine/Content/Localization/ICU/icudt53l/curr/fr_GN.res" 332
"../../../Engine/Content/Localization/ICU/icudt53l/fr_GP.res" 333
"../../../Engine/Content/Localization/ICU/icudt53l/fr_GQ.res" 334
"../../../Engine/Content/Localization/ICU/icudt53l/fr_HT.res" 335
"../../../Engine/Content/Localization/ICU/icudt53l/curr/fr_HT.res" 336
"../../../Engine/Content/Localization/ICU/icudt53l/fr_KM.res" 337
"../../../Engine/Content/Localization/ICU/icudt53l/curr/fr_KM.res" 338
"../../../Engine/Content/Localization/ICU/icudt53l/fr_LU.res" 339
"../../../Engine/Content/Localization/ICU/icudt53l/curr/fr_LU.res" 340
"../../../Engine/Content/Localization/ICU/icudt53l/fr_MA.res" 341
"../../../Engine/Content/Localization/ICU/icudt53l/fr_MC.res" 342
"../../../Engine/Content/Localization/ICU/icudt53l/fr_MF.res" 343
"../../../Engine/Content/Localization/ICU/icudt53l/fr_MG.res" 344
"../../../Engine/Content/Localization/ICU/icudt53l/curr/fr_MG.res" 345
"../../../Engine/Content/Localization/ICU/icudt53l/fr_ML.res" 346
"../../../Engine/Content/Localization/ICU/icudt53l/fr_MQ.res" 347
"../../../Engine/Content/Localization/ICU/icudt53l/fr_MR.res" 348
"../../../Engine/Content/Localization/ICU/icudt53l/curr/fr_MR.res" 349
"../../../Engine/Content/Localization/ICU/icudt53l/fr_MU.res" 350
"../../../Engine/Content/Localization/ICU/icudt53l/curr/fr_MU.res" 351
"../../../Engine/Content/Localization/ICU/icudt53l/fr_NC.res" 352
"../../../Engine/Content/Localization/ICU/icudt53l/fr_NE.res" 353
"../../../Engine/Content/Localization/ICU/icudt53l/fr_PF.res" 354
"../../../Engine/Content/Localization/ICU/icudt53l/fr_PM.res" 355
"../../../Engine/Content/Localization/ICU/icudt53l/fr_RE.res" 356
"../../../Engine/Content/Localization/ICU/icudt53l/fr_RW.res" 357
"../../../Engine/Content/Localization/ICU/icudt53l/curr/fr_RW.res" 358
"../../../Engine/Content/Localization/ICU/icudt53l/fr_SC.res" 359
"../../../Engine/Content/Localization/ICU/icudt53l/curr/fr_SC.res" 360
"../../../Engine/Content/Localization/ICU/icudt53l/fr_SN.res" 361
"../../../Engine/Content/Localization/ICU/icudt53l/fr_SY.res" 362
"../../../Engine/Content/Localization/ICU/icudt53l/curr/fr_SY.res" 363
"../../../Engine/Content/Localization/ICU/icudt53l/fr_TD.res" 364
"../../../Engine/Content/Localization/ICU/icudt53l/fr_TG.res" 365
"../../../Engine/Content/Localization/ICU/icudt53l/fr_TN.res" 366
"../../../Engine/Content/Localization/ICU/icudt53l/curr/fr_TN.res" 367
"../../../Engine/Content/Localization/ICU/icudt53l/fr_VU.res" 368
"../../../Engine/Content/Localization/ICU/icudt53l/curr/fr_VU.res" 369
"../../../Engine/Content/Localization/ICU/icudt53l/fr_WF.res" 370
"../../../Engine/Content/Localization/ICU/icudt53l/fr_YT.res" 371
"../../../Engine/Content/Localization/ICU/icudt53l/coll/hi.res" 372
"../../../Engine/Content/Localization/ICU/icudt53l/hi.res" 373
"../../../Engine/Content/Localization/ICU/icudt53l/curr/hi.res" 374
"../../../Engine/Content/Localization/ICU/icudt53l/hi_IN.res" 375
"../../../Engine/Content/Localization/ICU/icudt53l/coll/it.res" 376
"../../../Engine/Content/Localization/ICU/icudt53l/it.res" 377
"../../../Engine/Content/Localization/ICU/icudt53l/curr/it.res" 378
"../../../Engine/Content/Localization/ICU/icudt53l/it_IT.res" 379
"../../../Engine/Content/Localization/ICU/icudt53l/it_CH.res" 380
"../../../Engine/Content/Localization/ICU/icudt53l/curr/it_CH.res" 381
"../../../Engine/Content/Localization/ICU/icudt53l/it_SM.res" 382
"../../../Engine/Content/Localization/ICU/icudt53l/coll/ja.res" 383
"../../../Engine/Content/Localization/ICU/icudt53l/ja.res" 384
"../../../Engine/Content/Localization/ICU/icudt53l/curr/ja.res" 385
"../../../Engine/Content/Localization/ICU/icudt53l/ja_JP.res" 386
"../../../Engine/Content/Localization/ICU/icudt53l/curr/ja_JP.res" 387
"../../../Engine/Content/Localization/ICU/icudt53l/coll/ko.res" 388
"../../../Engine/Content/Localization/ICU/icudt53l/ko.res" 389
"../../../Engine/Content/Localization/ICU/icudt53l/curr/ko.res" 390
"../../../Engine/Content/Localization/ICU/icudt53l/ko_KR.res" 391
"../../../Engine/Content/Localization/ICU/icudt53l/ko_KP.res" 392
"../../../Engine/Content/Localization/ICU/icudt53l/coll/leet.res" 393
"../../../Engine/Content/Localization/ICU/icudt53l/leet.res" 394
"../../../Engine/Content/Localization/ICU/icudt53l/curr/leet.res" 395
"../../../Engine/Content/Localization/ICU/icudt53l/coll/pl.res" 396
"../../../Engine/Content/Localization/ICU/icudt53l/pl.res" 397
"../../../Engine/Content/Localization/ICU/icudt53l/curr/pl.res" 398
"../../../Engine/Content/Localization/ICU/icudt53l/pl_PL.res" 399
"../../../Engine/Content/Localization/ICU/icudt53l/coll/pt.res" 400
"../../../Engine/Content/Localization/ICU/icudt53l/pt.res" 401
"../../../Engine/Content/Localization/ICU/icudt53l/curr/pt.res" 402
"../../../Engine/Content/Localization/ICU/icudt53l/pt_BR.res" 403
"../../../Engine/Content/Localization/ICU/icudt53l/pt_AO.res" 404
"../../../Engine/Content/Localization/ICU/icudt53l/pt_PT.res" 405
"../../../Engine/Content/Localization/ICU/icudt53l/curr/pt_AO.res" 406
"../../../Engine/Content/Localization/ICU/icudt53l/curr/pt_PT.res" 407
"../../../Engine/Content/Localization/ICU/icudt53l/pt_CV.res" 408
"../../../Engine/Content/Localization/ICU/icudt53l/curr/pt_CV.res" 409
"../../../Engine/Content/Localization/ICU/icudt53l/pt_GW.res" 410
"../../../Engine/Content/Localization/ICU/icudt53l/curr/pt_GW.res" 411
"../../../Engine/Content/Localization/ICU/icudt53l/pt_MO.res" 412
"../../../Engine/Content/Localization/ICU/icudt53l/curr/pt_MO.res" 413
"../../../Engine/Content/Localization/ICU/icudt53l/pt_MZ.res" 414
"../../../Engine/Content/Localization/ICU/icudt53l/curr/pt_MZ.res" 415
"../../../Engine/Content/Localization/ICU/icudt53l/pt_ST.res" 416
"../../../Engine/Content/Localization/ICU/icudt53l/curr/pt_ST.res" 417
"../../../Engine/Content/Localization/ICU/icudt53l/pt_TL.res" 418
"../../../Engine/Content/Localization/ICU/icudt53l/curr/pt_TL.res" 419
"../../../Engine/Content/Localization/ICU/icudt53l/coll/ru.res" 420
"../../../Engine/Content/Localization/ICU/icudt53l/ru.res" 421
"../../../Engine/Content/Localization/ICU/icudt53l/curr/ru.res" 422
"../../../Engine/Content/Localization/ICU/icudt53l/ru_RU.res" 423
"../../../Engine/Content/Localization/ICU/icudt53l/ru_BY.res" 424
"../../../Engine/Content/Localization/ICU/icudt53l/curr/ru_BY.res" 425
"../../../Engine/Content/Localization/ICU/icudt53l/ru_KG.res" 426
"../../../Engine/Content/Localization/ICU/icudt53l/curr/ru_KG.res" 427
"../../../Engine/Content/Localization/ICU/icudt53l/ru_KZ.res" 428
"../../../Engine/Content/Localization/ICU/icudt53l/curr/ru_KZ.res" 429
"../../../Engine/Content/Localization/ICU/icudt53l/ru_MD.res" 430
"../../../Engine/Content/Localization/ICU/icudt53l/curr/ru_MD.res" 431
"../../../Engine/Content/Localization/ICU/icudt53l/ru_UA.res" 432
"../../../Engine/Content/Localization/ICU/icudt53l/coll/sv.res" 433
"../../../Engine/Content/Localization/ICU/icudt53l/sv.res" 434
"../../../Engine/Content/Localization/ICU/icudt53l/curr/sv.res" 435
"../../../Engine/Content/Localization/ICU/icudt53l/sv_SE.res" 436
"../../../Engine/Content/Localization/ICU/icudt53l/sv_AX.res" 437
"../../../Engine/Content/Localization/ICU/icudt53l/sv_FI.res" 438
"../../../Engine/Content/Localization/ICU/icudt53l/coll/zh.res" 439
"../../../Engine/Content/Localization/ICU/icudt53l/zh.res" 440
"../../../Engine/Content/Localization/ICU/icudt53l/curr/zh.res" 441
"../../../Engine/Content/Localization/ICU/icudt53l/zh_CN.res" 442
"../../../Engine/Content/Localization/ICU/icudt53l/zh_Hans_CN.res" 443
"../../../Engine/Content/Localization/ICU/icudt53l/zh_Hans.res" 444
"../../../Engine/Content/Localization/ICU/icudt53l/coll/zh_Hans.res" 445
"../../../Engine/Content/Localization/ICU/icudt53l/curr/zh_Hans.res" 446
"../../../Engine/Content/Localization/ICU/icudt53l/coll/zh_Hans_CN.res" 447
"../../../Engine/Content/Localization/ICU/icudt53l/curr/zh_Hans_CN.res" 448
"../../../Engine/Content/Localization/ICU/icudt53l/zh_Hans_HK.res" 449
"../../../Engine/Content/Localization/ICU/icudt53l/curr/zh_Hans_HK.res" 450
"../../../Engine/Content/Localization/ICU/icudt53l/zh_Hans_MO.res" 451
"../../../Engine/Content/Localization/ICU/icudt53l/curr/zh_Hans_MO.res" 452
"../../../Engine/Content/Localization/ICU/icudt53l/coll/zh_Hans_SG.res" 453
"../../../Engine/Content/Localization/ICU/icudt53l/zh_Hans_SG.res" 454
"../../../Engine/Content/Localization/ICU/icudt53l/curr/zh_Hans_SG.res" 455
"../../../Engine/Content/Localization/ICU/icudt53l/zh_SG.res" 456
"../../../Engine/Content/Localization/ICU/icudt53l/coll/zh_Hant.res" 457
"../../../Engine/Content/Localization/ICU/icudt53l/zh_Hant.res" 458
"../../../Engine/Content/Localization/ICU/icudt53l/curr/zh_Hant.res" 459
"../../../Engine/Content/Localization/ICU/icudt53l/zh_TW.res" 460
"../../../Engine/Content/Localization/ICU/icudt53l/zh_Hant_TW.res" 461
"../../../Engine/Content/Localization/ICU/icudt53l/coll/zh_Hant_HK.res" 462
"../../../Engine/Content/Localization/ICU/icudt53l/zh_Hant_HK.res" 463
"../../../Engine/Content/Localization/ICU/icudt53l/curr/zh_Hant_HK.res" 464
"../../../Engine/Content/Localization/ICU/icudt53l/zh_HK.res" 465
"../../../Engine/Content/Localization/ICU/icudt53l/coll/zh_Hant_MO.res" 466
"../../../Engine/Content/Localization/ICU/icudt53l/zh_Hant_MO.res" 467
"../../../Engine/Content/Localization/ICU/icudt53l/curr/zh_Hant_MO.res" 468
"../../../Engine/Content/Localization/ICU/icudt53l/zh_MO.res" 469
"../../../Engine/Content/Localization/ICU/icudt53l/coll/zh_Hant_TW.res" 470
"../../../Engine/Content/Localization/ICU/icudt53l/curr/zh_Hant_TW.res" 471
"../../../Engine/Config/Base.ini" 472
"../../../Engine/Config/BaseEngine.ini" 473
"../../../../../../jsalem/Documents/Uchicago/CS220/cs220/Platformer/Config/DefaultEngine.ini" 474
"../../../Engine/Config/Mac/MacEngine.ini" 475
"/Users/jsalem/Library/Preferences/Unreal Engine/PlatformerEditor/Mac/Engine.ini" 476
"/Users/jsalem/Library/Preferences/Unreal Engine/PlatformerEditor/CleanSourceConfigs/Engine.ini" 477
"../../../Engine/Config/BaseGame.ini" 478
"/Users/jsalem/Library/Preferences/Unreal Engine/PlatformerEditor/Mac/Game.ini" 479
"/Users/jsalem/Library/Preferences/Unreal Engine/PlatformerEditor/CleanSourceConfigs/Game.ini" 480
"../../../Engine/Config/BaseInput.ini" 481
"../../../../../../jsalem/Documents/Uchicago/CS220/cs220/Platformer/Config/DefaultInput.ini" 482
"/Users/jsalem/Library/Preferences/Unreal Engine/PlatformerEditor/Mac/Input.ini" 483
"/Users/jsalem/Library/Preferences/Unreal Engine/PlatformerEditor/CleanSourceConfigs/Input.ini" 484
"../../../Engine/Config/BaseEditor.ini" 485
"../../../../../../jsalem/Documents/Uchicago/CS220/cs220/Platformer/Config/DefaultEditor.ini" 486
"/Users/jsalem/Library/Preferences/Unreal Engine/PlatformerEditor/Mac/Editor.ini" 487
"/Users/jsalem/Library/Preferences/Unreal Engine/PlatformerEditor/CleanSourceConfigs/Editor.ini" 488
"../../../Engine/Config/BaseEditorLayout.ini" 489
"/Users/jsalem/Library/Preferences/Unreal Engine/PlatformerEditor/Mac/EditorLayout.ini" 490
"/Users/jsalem/Library/Preferences/Unreal Engine/PlatformerEditor/CleanSourceConfigs/EditorLayout.ini" 491
"../../../Engine/Config/BaseEditorUserSettings.ini" 492
"../../../Engine/Config/Mac/MacEditorUserSettings.ini" 493
"/Users/jsalem/Library/Preferences/Unreal Engine/PlatformerEditor/Mac/EditorUserSettings.ini" 494
"/Users/jsalem/Library/Preferences/Unreal Engine/PlatformerEditor/CleanSourceConfigs/EditorUserSettings.ini" 495
"../../../Engine/Config/BaseEditorKeyBindings.ini" 496
"/Users/jsalem/Library/Preferences/Unreal Engine/PlatformerEditor/Mac/EditorKeyBindings.ini" 497
"/Users/jsalem/Library/Preferences/Unreal Engine/PlatformerEditor/CleanSourceConfigs/EditorKeyBindings.ini" 498
"../../../Engine/Config/BaseCompat.ini" 499
"/Users/jsalem/Library/Preferences/Unreal Engine/PlatformerEditor/Mac/Compat.ini" 500
"/Users/jsalem/Library/Preferences/Unreal Engine/PlatformerEditor/CleanSourceConfigs/Compat.ini" 501
"../../../Engine/Config/BaseLightmass.ini" 502
"/Users/jsalem/Library/Preferences/Unreal Engine/PlatformerEditor/Mac/Lightmass.ini" 503
"/Users/jsalem/Library/Preferences/Unreal Engine/PlatformerEditor/CleanSourceConfigs/Lightmass.ini" 504
"../../../Engine/Config/BaseScalability.ini" 505
"/Users/jsalem/Library/Preferences/Unreal Engine/PlatformerEditor/Mac/Scalability.ini" 506
"/Users/jsalem/Library/Preferences/Unreal Engine/PlatformerEditor/CleanSourceConfigs/Scalability.ini" 507
"/Users/jsalem/Library/Preferences/Unreal Engine/PlatformerEditor/Mac/GameUserSettings.ini" 508
"/Users/jsalem/Library/Preferences/Unreal Engine/PlatformerEditor/CleanSourceConfigs/GameUserSettings.ini" 509
"../../../Engine/Config/BaseDeviceProfiles.ini" 510
"/Users/jsalem/Library/Preferences/Unreal Engine/PlatformerEditor/Mac/DeviceProfiles.ini" 511
"/Users/jsalem/Library/Preferences/Unreal Engine/PlatformerEditor/CleanSourceConfigs/DeviceProfiles.ini" 512
"../../../Engine/Config/ConsoleVariables.ini" 513
"/Users/Shared/UnrealEngine/4.5/Engine/Content/Localization/Editor/en/Editor.locres" 514
"/Users/Shared/UnrealEngine/4.5/Engine/Content/Localization/EditorTutorials/en/EditorTutorials.locres" 515
"/Users/Shared/UnrealEngine/4.5/Engine/Content/Localization/Engine/en/Engine.locres" 516
"/Users/Shared/UnrealEngine/4.5/Engine/Binaries/Mac/../../../Engine/Shaders/ParticleSpriteVertexFactory.usf" 517
"/Users/Shared/UnrealEngine/4.5/Engine/Binaries/Mac/../../../Engine/Shaders/VertexFactoryCommon.usf" 518
"/Users/Shared/UnrealEngine/4.5/Engine/Binaries/Mac/../../../Engine/Shaders/Common.usf" 519
"/Users/Shared/UnrealEngine/4.5/Engine/Binaries/Mac/../../../Engine/Shaders/ShaderVersion.usf" 520
"/Users/Shared/UnrealEngine/4.5/Engine/Binaries/Mac/../../../Engine/Shaders/Definitions.usf" 521
"/Users/Shared/UnrealEngine/4.5/Engine/Binaries/Mac/../../../Engine/Shaders/Random.usf" 522
"/Users/Shared/UnrealEngine/4.5/Engine/Binaries/Mac/../../../Engine/Shaders/ParticleVertexFactoryCommon.usf" 523
"/Users/Shared/UnrealEngine/4.5/Engine/Binaries/Mac/../../../Engine/Shaders/ParticleGPUSpriteVertexFactory.usf" 524
"/Users/Shared/UnrealEngine/4.5/Engine/Binaries/Mac/../../../Engine/Shaders/ParticleBeamTrailVertexFactory.usf" 525
"/Users/Shared/UnrealEngine/4.5/Engine/Binaries/Mac/../../../Engine/Shaders/LandscapeVertexFactory.usf" 526
"/Users/Shared/UnrealEngine/4.5/Engine/Binaries/Mac/../../../Engine/Shaders/VectorFieldVisualizationVertexFactory.usf" 527
"/Users/Shared/UnrealEngine/4.5/Engine/Binaries/Mac/../../../Engine/Shaders/LocalVertexFactory.usf" 528
"/Users/Shared/UnrealEngine/4.5/Engine/Binaries/Mac/../../../Engine/Shaders/LocalVertexFactoryCommon.usf" 529
"/Users/Shared/UnrealEngine/4.5/Engine/Binaries/Mac/../../../Engine/Shaders/MeshParticleVertexFactory.usf" 530
"/Users/Shared/UnrealEngine/4.5/Engine/Binaries/Mac/../../../Engine/Shaders/GpuSkinVertexFactory.usf" 531
"/Users/Shared/UnrealEngine/4.5/Engine/Binaries/Mac/../../../Engine/Shaders/GpuSkinCacheCommon.usf" 532
"/Users/Shared/UnrealEngine/4.5/Engine/Binaries/Mac/../../../Engine/Shaders/SlateElementPixelShader.usf" 533
"/Users/Shared/UnrealEngine/4.5/Engine/Binaries/Mac/../../../Engine/Shaders/MaterialTemplate.usf" 534
"/Users/Shared/UnrealEngine/4.5/Engine/Binaries/Mac/../../../Engine/Shaders/DepthOfFieldCommon.usf" 535
"/Users/Shared/UnrealEngine/4.5/Engine/Binaries/Mac/../../../Engine/Shaders/SpeedTreeCommon.usf" 536
"/Users/Shared/UnrealEngine/4.5/Engine/Binaries/Mac/../../../Engine/Shaders/AtmosphereCommon.usf" 537
"/Users/Shared/UnrealEngine/4.5/Engine/Binaries/Mac/../../../Engine/Shaders/PostProcessCommon.usf" 538
"/Users/Shared/UnrealEngine/4.5/Engine/Binaries/Mac/../../../Engine/Shaders/DeferredShadingCommon.usf" 539
"/Users/Shared/UnrealEngine/4.5/Engine/Binaries/Mac/../../../Engine/Shaders/LightAccumulator.usf" 540
"/Users/Shared/UnrealEngine/4.5/Engine/Binaries/Mac/../../../Engine/Shaders/SlateVertexShader.usf" 541
"/Users/Shared/UnrealEngine/4.5/Engine/Binaries/Mac/../../../Engine/Shaders/OneColorShader.usf" 542
"/Users/Shared/UnrealEngine/4.5/Engine/Binaries/Mac/../../../Engine/Shaders/VisualizeTexture.usf" 543
"/Users/Shared/UnrealEngine/4.5/Engine/Binaries/Mac/../../../Engine/Shaders/ScreenSpaceReflections.usf" 544
"/Users/Shared/UnrealEngine/4.5/Engine/Binaries/Mac/../../../Engine/Shaders/BRDF.usf" 545
"/Users/Shared/UnrealEngine/4.5/Engine/Binaries/Mac/../../../Engine/Shaders/MonteCarlo.usf" 546
"/Users/Shared/UnrealEngine/4.5/Engine/Binaries/Mac/../../../Engine/Shaders/PostProcessBloom.usf" 547
"/Users/Shared/UnrealEngine/4.5/Engine/Binaries/Mac/../../../Engine/Shaders/FilterVertexShader.usf" 548
"/Users/Shared/UnrealEngine/4.5/Engine/Binaries/Mac/../../../Engine/Shaders/FilterPixelShader.usf" 549
"/Users/Shared/UnrealEngine/4.5/Engine/Binaries/Mac/../../../Engine/Shaders/PostProcessVisualizeHDR.usf" 550
"/Users/Shared/UnrealEngine/4.5/Engine/Binaries/Mac/../../../Engine/Shaders/PostProcessHistogramCommon.usf" 551
"/Users/Shared/UnrealEngine/4.5/Engine/Binaries/Mac/../../../Engine/Shaders/TonemapCommon.usf" 552
"/Users/Shared/UnrealEngine/4.5/Engine/Binaries/Mac/../../../Engine/Shaders/MiniFontCommon.usf" 553
"/Users/Shared/UnrealEngine/4.5/Engine/Binaries/Mac/../../../Engine/Shaders/PostProcessVisualizeBuffer.usf" 554
"/Users/Shared/UnrealEngine/4.5/Engine/Binaries/Mac/../../../Engine/Shaders/PostProcessUpscale.usf" 555
"/Users/Shared/UnrealEngine/4.5/Engine/Binaries/Mac/../../../Engine/Shaders/PostProcessTonemap.usf" 556
"/Users/Shared/UnrealEngine/4.5/Engine/Binaries/Mac/../../../Engine/Shaders/PostProcessTestImage.usf" 557
"/Users/Shared/UnrealEngine/4.5/Engine/Binaries/Mac/../../../Engine/Shaders/PostProcessTemporalAA.usf" 558
"/Users/Shared/UnrealEngine/4.5/Engine/Binaries/Mac/../../../Engine/Shaders/PostProcessTemporalCommon.usf" 559
"/Users/Shared/UnrealEngine/4.5/Engine/Binaries/Mac/../../../Engine/Shaders/PostProcessSubsurface.usf" 560
"/Users/Shared/UnrealEngine/4.5/Engine/Binaries/Mac/../../../Engine/Shaders/SeparableSSS.usf" 561
"/Users/Shared/UnrealEngine/4.5/Engine/Binaries/Mac/../../../Engine/Shaders/PostProcessSelectionOutline.usf" 562
"/Users/Shared/UnrealEngine/4.5/Engine/Binaries/Mac/../../../Engine/Shaders/PostProcessSceneColorFringe.usf" 563
"/Users/Shared/UnrealEngine/4.5/Engine/Binaries/Mac/../../../Engine/Shaders/PostProcessNoiseBlur.usf" 564
"/Users/Shared/UnrealEngine/4.5/Engine/Binaries/Mac/../../../Engine/Shaders/PostProcessMotionBlur.usf" 565
"/Users/Shared/UnrealEngine/4.5/Engine/Binaries/Mac/../../../Engine/Shaders/PostProcessMobile.usf" 566
"/Users/Shared/UnrealEngine/4.5/Engine/Binaries/Mac/../../../Engine/Shaders/PostProcessMaterialShaders.usf" 567
"/Users/Shared/UnrealEngine/4.5/Engine/Binaries/Mac/../../../Engine/Shaders/PostProcessLensFlares.usf" 568
"/Users/Shared/UnrealEngine/4.5/Engine/Binaries/Mac/../../../Engine/Shaders/PostProcessLensBlur.usf" 569
"/Users/Shared/UnrealEngine/4.5/Engine/Binaries/Mac/../../../Engine/Shaders/PostProcessHistogramReduce.usf" 570
"/Users/Shared/UnrealEngine/4.5/Engine/Binaries/Mac/../../../Engine/Shaders/PostProcessHistogram.usf" 571
"/Users/Shared/UnrealEngine/4.5/Engine/Binaries/Mac/../../../Engine/Shaders/PostProcessHMD.usf" 572
"/Users/Shared/UnrealEngine/4.5/Engine/Binaries/Mac/../../../Engine/Shaders/PostProcessGBufferHints.usf" 573
"/Users/Shared/UnrealEngine/4.5/Engine/Binaries/Mac/../../../Engine/Shaders/PostProcessEyeAdaptation.usf" 574
"/Users/Shared/UnrealEngine/4.5/Engine/Binaries/Mac/../../../Engine/Shaders/PostProcessDownsample.usf" 575
"/Users/Shared/UnrealEngine/4.5/Engine/Binaries/Mac/../../../Engine/Shaders/PostProcessDOF.usf" 576
"/Users/Shared/UnrealEngine/4.5/Engine/Binaries/Mac/../../../Engine/Shaders/PostProcessCompositeEditorPrimitives.usf" 577
"/Users/Shared/UnrealEngine/4.5/Engine/Binaries/Mac/../../../Engine/Shaders/PostProcessCombineLUTs.usf" 578
"/Users/Shared/UnrealEngine/4.5/Engine/Binaries/Mac/../../../Engine/Shaders/PostProcessBusyWait.usf" 579
"/Users/Shared/UnrealEngine/4.5/Engine/Binaries/Mac/../../../Engine/Shaders/PostProcessBokehDOF.usf" 580
"/Users/Shared/UnrealEngine/4.5/Engine/Binaries/Mac/../../../Engine/Shaders/FXAAShader.usf" 581
"/Users/Shared/UnrealEngine/4.5/Engine/Binaries/Mac/../../../Engine/Shaders/Fxaa3_11.usf" 582
"/Users/Shared/UnrealEngine/4.5/Engine/Binaries/Mac/../../../Engine/Shaders/PostProcessPassThrough.usf" 583
"/Users/Shared/UnrealEngine/4.5/Engine/Binaries/Mac/../../../Engine/Shaders/PostProcessLpvIndirect.usf" 584
"/Users/Shared/UnrealEngine/4.5/Engine/Binaries/Mac/../../../Engine/Shaders/DeferredLightingCommon.usf" 585
"/Users/Shared/UnrealEngine/4.5/Engine/Binaries/Mac/../../../Engine/Shaders/DynamicLightingCommon.usf" 586
"/Users/Shared/UnrealEngine/4.5/Engine/Binaries/Mac/../../../Engine/Shaders/IESLightProfilesCommon.usf" 587
"/Users/Shared/UnrealEngine/4.5/Engine/Binaries/Mac/../../../Engine/Shaders/LPVFinalPass.usf" 588
"/Users/Shared/UnrealEngine/4.5/Engine/Binaries/Mac/../../../Engine/Shaders/LPVCommon.usf" 589
"/Users/Shared/UnrealEngine/4.5/Engine/Binaries/Mac/../../../Engine/Shaders/DeferredDecal.usf" 590
"/Users/Shared/UnrealEngine/4.5/Engine/Binaries/Mac/../../../Engine/Shaders/PostProcessAmbientOcclusion.usf" 591
"/Users/Shared/UnrealEngine/4.5/Engine/Binaries/Mac/../../../Engine/Shaders/PostProcessAmbient.usf" 592
"/Users/Shared/UnrealEngine/4.5/Engine/Binaries/Mac/../../../Engine/Shaders/CubemapCommon.usf" 593
"/Users/Shared/UnrealEngine/4.5/Engine/Binaries/Mac/../../../Engine/Shaders/VelocityShader.usf" 594
"/Users/Shared/UnrealEngine/4.5/Engine/Binaries/Mac/../../../Engine/Shaders/Tessellation.usf" 595
"/Users/Shared/UnrealEngine/4.5/Engine/Binaries/Mac/../../../Engine/Shaders/FlatTessellation.usf" 596
"/Users/Shared/UnrealEngine/4.5/Engine/Binaries/Mac/../../../Engine/Shaders/PNTriangles.usf" 597
"/Users/Shared/UnrealEngine/4.5/Engine/Binaries/Mac/../../../Engine/Shaders/TranslucentLightingShaders.usf" 598
"/Users/Shared/UnrealEngine/4.5/Engine/Binaries/Mac/../../../Engine/Shaders/SHCommon.usf" 599
"/Users/Shared/UnrealEngine/4.5/Engine/Binaries/Mac/../../../Engine/Shaders/ShadowProjectionCommon.usf" 600
"/Users/Shared/UnrealEngine/4.5/Engine/Binaries/Mac/../../../Engine/Shaders/TranslucentLightInjectionShaders.usf" 601
"/Users/Shared/UnrealEngine/4.5/Engine/Binaries/Mac/../../../Engine/Shaders/LightFunctionCommon.usf" 602
"/Users/Shared/UnrealEngine/4.5/Engine/Binaries/Mac/../../../Engine/Shaders/TranslucentShadowDepthShaders.usf" 603
"/Users/Shared/UnrealEngine/4.5/Engine/Binaries/Mac/../../../Engine/Shaders/ShadowDepthCommon.usf" 604
"/Users/Shared/UnrealEngine/4.5/Engine/Binaries/Mac/../../../Engine/Shaders/TiledDeferredLightShaders.usf" 605
"/Users/Shared/UnrealEngine/4.5/Engine/Binaries/Mac/../../../Engine/Shaders/ShadowProjectionPixelShader.usf" 606
"/Users/Shared/UnrealEngine/4.5/Engine/Binaries/Mac/../../../Engine/Shaders/ShadowFilteringCommon.usf" 607
"/Users/Shared/UnrealEngine/4.5/Engine/Binaries/Mac/../../../Engine/Shaders/ShadowProjectionVertexShader.usf" 608
"/Users/Shared/UnrealEngine/4.5/Engine/Binaries/Mac/../../../Engine/Shaders/ShadowDepthPixelShader.usf" 609
"/Users/Shared/UnrealEngine/4.5/Engine/Binaries/Mac/../../../Engine/Shaders/LPVWriteVplCommon.usf" 610
"/Users/Shared/UnrealEngine/4.5/Engine/Binaries/Mac/../../../Engine/Shaders/LPVWriteCommon.usf" 611
"/Users/Shared/UnrealEngine/4.5/Engine/Binaries/Mac/../../../Engine/Shaders/ShadowDepthVertexShader.usf" 612
"/Users/Shared/UnrealEngine/4.5/Engine/Binaries/Mac/../../../Engine/Shaders/ShaderComplexityApplyPixelShader.usf" 613
"/Users/Shared/UnrealEngine/4.5/Engine/Binaries/Mac/../../../Engine/Shaders/ShaderComplexityApplyVertexShader.usf" 614
"/Users/Shared/UnrealEngine/4.5/Engine/Binaries/Mac/../../../Engine/Shaders/ShaderComplexityAccumulatePixelShader.usf" 615
"/Users/Shared/UnrealEngine/4.5/Engine/Binaries/Mac/../../../Engine/Shaders/HZBOcclusion.usf" 616
"/Users/Shared/UnrealEngine/4.5/Engine/Binaries/Mac/../../../Engine/Shaders/OcclusionQueryVertexShader.usf" 617
"/Users/Shared/UnrealEngine/4.5/Engine/Binaries/Mac/../../../Engine/Shaders/HitProxyPixelShader.usf" 618
"/Users/Shared/UnrealEngine/4.5/Engine/Binaries/Mac/../../../Engine/Shaders/HitProxyVertexShader.usf" 619
"/Users/Shared/UnrealEngine/4.5/Engine/Binaries/Mac/../../../Engine/Shaders/ReflectionEnvironmentShaders.usf" 620
"/Users/Shared/UnrealEngine/4.5/Engine/Binaries/Mac/../../../Engine/Shaders/ReflectionEnvironmentShared.usf" 621
"/Users/Shared/UnrealEngine/4.5/Engine/Binaries/Mac/../../../Engine/Shaders/SkyLightingShared.usf" 622
"/Users/Shared/UnrealEngine/4.5/Engine/Binaries/Mac/../../../Engine/Shaders/ReflectionEnvironmentComputeShaders.usf" 623
"/Users/Shared/UnrealEngine/4.5/Engine/Binaries/Mac/../../../Engine/Shaders/LightShaftShader.usf" 624
"/Users/Shared/UnrealEngine/4.5/Engine/Binaries/Mac/../../../Engine/Shaders/StationaryLightOverlapShaders.usf" 625
"/Users/Shared/UnrealEngine/4.5/Engine/Binaries/Mac/../../../Engine/Shaders/DeferredLightPixelShaders.usf" 626
"/Users/Shared/UnrealEngine/4.5/Engine/Binaries/Mac/../../../Engine/Shaders/DeferredLightVertexShaders.usf" 627
"/Users/Shared/UnrealEngine/4.5/Engine/Binaries/Mac/../../../Engine/Shaders/LPVVisualise.usf" 628
"/Users/Shared/UnrealEngine/4.5/Engine/Binaries/Mac/../../../Engine/Shaders/LPVGeometryVolumeCommon.usf" 629
"/Users/Shared/UnrealEngine/4.5/Engine/Binaries/Mac/../../../Engine/Shaders/LPVDirectLightInject.usf" 630
"/Users/Shared/UnrealEngine/4.5/Engine/Binaries/Mac/../../../Engine/Shaders/LPVPropagate.usf" 631
"/Users/Shared/UnrealEngine/4.5/Engine/Binaries/Mac/../../../Engine/Shaders/LPVBuildGeometryVolume.usf" 632
"/Users/Shared/UnrealEngine/4.5/Engine/Binaries/Mac/../../../Engine/Shaders/LPVInject_AccumulateVplLists.usf" 633
"/Users/Shared/UnrealEngine/4.5/Engine/Binaries/Mac/../../../Engine/Shaders/LPVInject_GenerateVplLists.usf" 634
"/Users/Shared/UnrealEngine/4.5/Engine/Binaries/Mac/../../../Engine/Shaders/LPVClearLists.usf" 635
"/Users/Shared/UnrealEngine/4.5/Engine/Binaries/Mac/../../../Engine/Shaders/LPVClear.usf" 636
"/Users/Shared/UnrealEngine/4.5/Engine/Binaries/Mac/../../../Engine/Shaders/LightMapDensityShader.usf" 637
"/Users/Shared/UnrealEngine/4.5/Engine/Binaries/Mac/../../../Engine/Shaders/LightFunctionPixelShader.usf" 638
"/Users/Shared/UnrealEngine/4.5/Engine/Binaries/Mac/../../../Engine/Shaders/LightFunctionVertexShader.usf" 639
"/Users/Shared/UnrealEngine/4.5/Engine/Binaries/Mac/../../../Engine/Shaders/HdrCustomResolveShaders.usf" 640
"/Users/Shared/UnrealEngine/4.5/Engine/Binaries/Mac/../../../Engine/Shaders/GammaCorrection.usf" 641
"/Users/Shared/UnrealEngine/4.5/Engine/Binaries/Mac/../../../Engine/Shaders/GPUBenchmark.usf" 642
"/Users/Shared/UnrealEngine/4.5/Engine/Binaries/Mac/../../../Engine/Shaders/BasePassForForwardShadingPixelShader.usf" 643
"/Users/Shared/UnrealEngine/4.5/Engine/Binaries/Mac/../../../Engine/Shaders/BasePassForForwardShadingCommon.usf" 644
"/Users/Shared/UnrealEngine/4.5/Engine/Binaries/Mac/../../../Engine/Shaders/LightmapCommon.usf" 645
"/Users/Shared/UnrealEngine/4.5/Engine/Binaries/Mac/../../../Engine/Shaders/BasePassForForwardShadingVertexShader.usf" 646
"/Users/Shared/UnrealEngine/4.5/Engine/Binaries/Mac/../../../Engine/Shaders/HeightFogCommon.usf" 647
"/Users/Shared/UnrealEngine/4.5/Engine/Binaries/Mac/../../../Engine/Shaders/HeightFogPixelShader.usf" 648
"/Users/Shared/UnrealEngine/4.5/Engine/Binaries/Mac/../../../Engine/Shaders/HeightFogVertexShader.usf" 649
"/Users/Shared/UnrealEngine/4.5/Engine/Binaries/Mac/../../../Engine/Shaders/DistortAccumulatePS.usf" 650
"/Users/Shared/UnrealEngine/4.5/Engine/Binaries/Mac/../../../Engine/Shaders/DistortAccumulateVS.usf" 651
"/Users/Shared/UnrealEngine/4.5/Engine/Binaries/Mac/../../../Engine/Shaders/DistortApplyScreenPS.usf" 652
"/Users/Shared/UnrealEngine/4.5/Engine/Binaries/Mac/../../../Engine/Shaders/SkyLighting.usf" 653
"/Users/Shared/UnrealEngine/4.5/Engine/Binaries/Mac/../../../Engine/Shaders/DistanceFieldSurfaceCacheLighting.usf" 654
"/Users/Shared/UnrealEngine/4.5/Engine/Binaries/Mac/../../../Engine/Shaders/DistanceFieldLightingShared.usf" 655
"/Users/Shared/UnrealEngine/4.5/Engine/Binaries/Mac/../../../Engine/Shaders/DistanceFieldAOShared.usf" 656
"/Users/Shared/UnrealEngine/4.5/Engine/Binaries/Mac/../../../Engine/Shaders/DistanceFieldSurfaceCacheLightingCompute.usf" 657
"/Users/Shared/UnrealEngine/4.5/Engine/Binaries/Mac/../../../Engine/Shaders/DistanceFieldShadowing.usf" 658
"/Users/Shared/UnrealEngine/4.5/Engine/Binaries/Mac/../../../Engine/Shaders/DepthOnlyPixelShader.usf" 659
"/Users/Shared/UnrealEngine/4.5/Engine/Binaries/Mac/../../../Engine/Shaders/DepthOnlyVertexShader.usf" 660
"/Users/Shared/UnrealEngine/4.5/Engine/Binaries/Mac/../../../Engine/Shaders/PositionOnlyDepthVertexShader.usf" 661
"/Users/Shared/UnrealEngine/4.5/Engine/Binaries/Mac/../../../Engine/Shaders/DownsampleDepthPixelShader.usf" 662
"/Users/Shared/UnrealEngine/4.5/Engine/Binaries/Mac/../../../Engine/Shaders/BasePassPixelShader.usf" 663
"/Users/Shared/UnrealEngine/4.5/Engine/Binaries/Mac/../../../Engine/Shaders/BasePassCommon.usf" 664
"/Users/Shared/UnrealEngine/4.5/Engine/Binaries/Mac/../../../Engine/Shaders/BasePassVertexShader.usf" 665
"/Users/Shared/UnrealEngine/4.5/Engine/Binaries/Mac/../../../Engine/Shaders/BasePassVertexCommon.usf" 666
"/Users/Shared/UnrealEngine/4.5/Engine/Binaries/Mac/../../../Engine/Shaders/BasePassTessellationShaders.usf" 667
"/Users/Shared/UnrealEngine/4.5/Engine/Binaries/Mac/../../../Engine/Shaders/AtmospherePrecompute.usf" 668
"/Users/Shared/UnrealEngine/4.5/Engine/Binaries/Mac/../../../Engine/Shaders/AtmospherePrecomputeCommon.usf" 669
"/Users/Shared/UnrealEngine/4.5/Engine/Binaries/Mac/../../../Engine/Shaders/AtmospherePrecomputeInscatter.usf" 670
"/Users/Shared/UnrealEngine/4.5/Engine/Binaries/Mac/../../../Engine/Shaders/AtmosphericFogShader.usf" 671
"/Users/Shared/UnrealEngine/4.5/Engine/Binaries/Mac/../../../Engine/Shaders/ParticleSortKeyGen.usf" 672
"/Users/Shared/UnrealEngine/4.5/Engine/Binaries/Mac/../../../Engine/Shaders/ParticleBoundsShader.usf" 673
"/Users/Shared/UnrealEngine/4.5/Engine/Binaries/Mac/../../../Engine/Shaders/ParticleSimVisualizeShader.usf" 674
"/Users/Shared/UnrealEngine/4.5/Engine/Binaries/Mac/../../../Engine/Shaders/ParticleInjectionShader.usf" 675
"/Users/Shared/UnrealEngine/4.5/Engine/Binaries/Mac/../../../Engine/Shaders/ParticleSimulationShader.usf" 676
"/Users/Shared/UnrealEngine/4.5/Engine/Binaries/Mac/../../../Engine/Shaders/ParticleCurveInjectionShader.usf" 677
"/Users/Shared/UnrealEngine/4.5/Engine/Binaries/Mac/../../../Engine/Shaders/VectorFieldCompositeShaders.usf" 678
"/Users/Shared/UnrealEngine/4.5/Engine/Binaries/Mac/../../../Engine/Shaders/UpdateTextureShaders.usf" 679
"/Users/Shared/UnrealEngine/4.5/Engine/Binaries/Mac/../../../Engine/Shaders/SimpleElementColorChannelMaskPixelShader.usf" 680
"/Users/Shared/UnrealEngine/4.5/Engine/Binaries/Mac/../../../Engine/Shaders/SimpleElementHitProxyPixelShader.usf" 681
"/Users/Shared/UnrealEngine/4.5/Engine/Binaries/Mac/../../../Engine/Shaders/SimpleElementPixelShader.usf" 682
"/Users/Shared/UnrealEngine/4.5/Engine/Binaries/Mac/../../../Engine/Shaders/ColorUtils.usf" 683
"/Users/Shared/UnrealEngine/4.5/Engine/Binaries/Mac/../../../Engine/Shaders/SimpleElementVertexShader.usf" 684
"/Users/Shared/UnrealEngine/4.5/Engine/Binaries/Mac/../../../Engine/Shaders/ScreenVertexShader.usf" 685
"/Users/Shared/UnrealEngine/4.5/Engine/Binaries/Mac/../../../Engine/Shaders/ScreenPixelShader.usf" 686
"/Users/Shared/UnrealEngine/4.5/Engine/Binaries/Mac/../../../Engine/Shaders/NullPixelShader.usf" 687
"/Users/Shared/UnrealEngine/4.5/Engine/Binaries/Mac/../../../Engine/Shaders/RadixSortShaders.usf" 688
"/Users/Shared/UnrealEngine/4.5/Engine/Binaries/Mac/../../../Engine/Shaders/GpuSkinCacheComputeShader.usf" 689
"/Users/Shared/UnrealEngine/4.5/Engine/Binaries/Mac/../../../Engine/Shaders/ClearReplacementShaders.usf" 690
"/Users/Shared/UnrealEngine/4.5/Engine/Binaries/Mac/../../../Engine/Shaders/SimpleElementTexture2DPreviewPixelShader.usf" 691
"/Users/Shared/UnrealEngine/4.5/Engine/Binaries/Mac/../../../Engine/Shaders/SimpleElementNormalMapPixelShader.usf" 692
"/Users/Shared/UnrealEngine/4.5/Engine/Binaries/Mac/../../../Engine/Shaders/meshpaintdilatepixelshader.usf" 693
"/Users/Shared/UnrealEngine/4.5/Engine/Binaries/Mac/../../../Engine/Shaders/meshpaintdilatevertexshader.usf" 694
"/Users/Shared/UnrealEngine/4.5/Engine/Binaries/Mac/../../../Engine/Shaders/MeshPaintPixelShader.usf" 695
"/Users/Shared/UnrealEngine/4.5/Engine/Binaries/Mac/../../../Engine/Shaders/MeshPaintVertexShader.usf" 696
"../../../Engine/Config/IOS/IOSEngine.ini" 697
"/Users/jsalem/Library/Application Support/Epic/UnrealEngine/4.5/DerivedDataCache/Boot.ddc" 698
"../../../Engine/DerivedDataCache/DDC.ddp" 699
"../../../Engine/Content/EditorResources/S_Actor.uasset" 700
"/Users/jsalem/Library/Preferences/Unreal Engine/PlatformerEditor/Mac/TemplateDefs.ini" 701
"/Users/jsalem/Library/Preferences/Unreal Engine/PlatformerEditor/CleanSourceConfigs/TemplateDefs.ini" 702
"../../../Engine/Content/Maps/Templates/Thumbnails/Default.uasset" 703
"../../../Engine/Content/EditorMaterials/ParticleSystems/PSysThumbnail_NoImage.uasset" 704
"../../../Engine/Content/EditorMaterials/ParticleSystems/PSysThumbnail_OOD.uasset" 705
"../../../Engine/Content/EngineDamageTypes/DmgTypeBP_Environmental.uasset" 706
"../../../Engine/Content/EditorLandscapeResources/DataLayer.uasset" 707
"../../../Engine/Content/EngineMeshes/Sphere.uasset" 708
"../../../Engine/Content/EngineFonts/RobotoDistanceField.uasset" 709
"../../../Engine/Content/EngineMaterials/DefaultTextMaterialOpaque.uasset" 710
"../../../Engine/Content/Functions/Engine_MaterialFunctions01/Shading/PowerToRoughness.uasset" 711
"../../../Engine/Content/Functions/Engine_MaterialFunctions01/Shading/ConvertFromDiffSpec.uasset" 712
"../../../Engine/Content/EngineMaterials/WorldGridMaterial.uasset" 713
"../../../Engine/Content/Functions/Engine_MaterialFunctions01/Opacity/CameraDepthFade.uasset" 714
"../../../Engine/Content/EngineMaterials/T_Default_Material_Grid_M.uasset" 715
"../../../Engine/Content/EngineMaterials/T_Default_Material_Grid_N.uasset" 716
"../../../Engine/Content/EngineMaterials/DefaultDeferredDecalMaterial.uasset" 717
"../../../Engine/Content/EngineMaterials/DefaultDiffuse.uasset" 718
"../../../Engine/Content/EngineMaterials/DefaultLightFunctionMaterial.uasset" 719
"../../../Engine/Content/EngineMaterials/DefaultPostProcessMaterial.uasset" 720
"../../../Engine/Content/Functions/Engine_MaterialFunctions02/Utility/BreakOutFloat2Components.uasset" 721
"../../../Engine/Content/EditorResources/S_Trigger.uasset" 722
"../../../Engine/Content/EngineResources/WhiteSquareTexture.uasset" 723
"../../../Engine/Content/EngineResources/GradientTexture0.uasset" 724
"../../../Engine/Content/EngineResources/Black.uasset" 725
"../../../Engine/Content/EditorMaterials/MatineeGroups/MAT_Groups_Float.uasset" 726
"../../../Engine/Content/EditorMaterials/MatineeGroups/MAT_Groups_Director.uasset" 727
"../../../Engine/Content/EditorMaterials/MatineeGroups/MAT_Groups_Event.uasset" 728
"../../../Engine/Content/EditorMaterials/MatineeGroups/MAT_Groups_Anim.uasset" 729
"../../../Engine/Content/EditorMaterials/MatineeGroups/MAT_Groups_Fade.uasset" 730
"../../../Engine/Content/EditorMaterials/MatineeGroups/MAT_Groups_Move.uasset" 731
"../../../Engine/Content/EditorMaterials/MatineeGroups/MAT_Groups_Slomo.uasset" 732
"../../../Engine/Content/EditorMaterials/MatineeGroups/MAT_ColorTrack.uasset" 733
"../../../Engine/Content/EditorMaterials/MAT_Groups_Toggle.uasset" 734
"../../../Engine/Content/EditorMaterials/MatineeGroups/MAT_Groups_AudioMaster.uasset" 735
"../../../Engine/Content/EditorMaterials/MatineeGroups/MAT_Groups_Sound.uasset" 736
"../../../Engine/Content/EditorMaterials/MatineeGroups/MAT_Groups_Vector.uasset" 737
"../../../Engine/Content/EditorMaterials/MAT_Groups_Visibility.uasset" 738
"../../../Engine/Content/EngineResources/DefaultTexture.uasset" 739
"../../../Engine/Content/EngineResources/DefaultTextureCube.uasset" 740
"../../../Engine/Content/EngineSounds/Master.uasset" 741
"../../../Engine/Content/EngineSounds/Music.uasset" 742
"../../../Engine/Content/EngineSounds/SFX.uasset" 743
"../../../Engine/Content/EngineSounds/Normal_Attack.uasset" 744
"../../../Engine/Content/EngineSounds/Special_Attack_PSM.uasset" 745
"../../../Engine/Content/EngineSounds/Duck_Normal_Attack_MixMod.uasset" 746
"../../../Engine/Content/EngineSounds/Voice.uasset" 747
"../../../Engine/Content/EngineMeshes/Cylinder.uasset" 748
"../../../Engine/Content/EngineMaterials/DefaultMaterial.uasset" 749
"../../../Engine/Content/EngineTireTypes/DefaultTireType.uasset" 750
"/Users/jsalem/Library/Preferences/Unreal Engine/PlatformerEditor/Mac/InternationalizationExport.ini" 751
"/Users/jsalem/Library/Preferences/Unreal Engine/PlatformerEditor/CleanSourceConfigs/InternationalizationExport.ini" 752
"../../../Engine/Plugins/2D/Paper2D/Content/MaskedUnlitSpriteMaterial.uasset" 753
"../../../Engine/Plugins/2D/Paper2D/Content/DefaultSpriteMaterial.uasset" 754
"../../../Engine/Plugins/2D/Paper2D/Content/DummySpriteTexture.uasset" 755
"../../../Engine/Plugins/2D/Paper2D/Content/OpaqueUnlitSpriteMaterial.uasset" 756
"../../../Engine/Plugins/2D/Paper2D/Content/DefaultPaperTerrainMaterial.uasset" 757
"../../../Engine/Plugins/2D/Paper2D/Content/DummySprite.uasset" 758
"../../../../../../jsalem/Documents/Uchicago/CS220/cs220/Platformer/Content/KenneySpritePack/Players/Green/alienGreen_walk.uasset" 759
"../../../../../../jsalem/Documents/Uchicago/CS220/cs220/Platformer/Content/KenneySpritePack/Players/Green/alienGreen_walk1_Sprite.uasset" 760
"../../../../../../jsalem/Documents/Uchicago/CS220/cs220/Platformer/Content/KenneySpritePack/Materials/TranslucentUnlitSpriteMaterial.uasset" 761
"../../../../../../jsalem/Documents/Uchicago/CS220/cs220/Platformer/Content/KenneySpritePack/Players/Green/Textures/alienGreen_walk1.uasset" 762
"../../../../../../jsalem/Documents/Uchicago/CS220/cs220/Platformer/Content/KenneySpritePack/Players/Green/alienGreen_walk2_Sprite.uasset" 763
"../../../../../../jsalem/Documents/Uchicago/CS220/cs220/Platformer/Content/KenneySpritePack/Players/Green/Textures/alienGreen_walk2.uasset" 764
"/Users/jsalem/Library/Application Support/Epic/UnrealEngine/Common/DerivedDataCache/9/1/0/TEXTURE_75F87CE100B546AAB8A1C4132AF9DB17_AUTODXT_3FD858FE4996BEFB8EAF97B4B75F1__AA8145F931A0682E4DFC56B9F4BB6E955305BE15.udd" 765
"/Users/jsalem/Library/Application Support/Epic/UnrealEngine/Common/DerivedDataCache/1/0/2/TEXTURE_75F87CE100B546AAB8A1C4132AF9DB17_AUTODXT_3AAF078743EAADA1A1BE928F41C5B__1E3BD8E22588674AD7372587CA567DE0EE37B674.udd" 766
"/Users/jsalem/Library/Application Support/Epic/UnrealEngine/Common/DerivedDataCache/6/4/7/TEXTURE_75F87CE100B546AAB8A1C4132AF9DB17_AUTODXT_3AAF078743EAADA1A1BE928F41C5B__BC2645FCBEB3D90900BAC8E24E395F7584E2F8A3.udd" 767
"/Users/jsalem/Library/Application Support/Epic/UnrealEngine/Common/DerivedDataCache/5/1/3/TEXTURE_75F87CE100B546AAB8A1C4132AF9DB17_AUTODXT_3FD858FE4996BEFB8EAF97B4B75F1__B99729217399ED5B44236C101230B7E965965528.udd" 768
"../../../../../../jsalem/Documents/Uchicago/CS220/cs220/Platformer/Content/KenneySpritePack/Players/Green/alienGreen_idle.uasset" 769
"../../../../../../jsalem/Documents/Uchicago/CS220/cs220/Platformer/Content/KenneySpritePack/Players/Green/alienGreen_stand_Sprite.uasset" 770
"../../../../../../jsalem/Documents/Uchicago/CS220/cs220/Platformer/Content/KenneySpritePack/Players/Green/Textures/alienGreen_stand.uasset" 771
"../../../../../../jsalem/Documents/Uchicago/CS220/cs220/Platformer/Content/KenneySpritePack/Players/Green/alienGreen_jump.uasset" 772
"/Users/jsalem/Library/Application Support/Epic/UnrealEngine/Common/DerivedDataCache/9/4/1/TEXTURE_75F87CE100B546AAB8A1C4132AF9DB17_AUTODXT_3A2C5136484CC97D7428D48586C93__348D94972F4B09557C43E246B3094E8BEA70D5C1.udd" 773
"../../../../../../jsalem/Documents/Uchicago/CS220/cs220/Platformer/Content/KenneySpritePack/Players/Green/alienGreen_jump_Sprite.uasset" 774
"/Users/jsalem/Library/Application Support/Epic/UnrealEngine/Common/DerivedDataCache/6/4/2/TEXTURE_75F87CE100B546AAB8A1C4132AF9DB17_AUTODXT_3A2C5136484CC97D7428D48586C93__44204965DFC42809C24BE73F7361383D91370A0A.udd" 775
"../../../../../../jsalem/Documents/Uchicago/CS220/cs220/Platformer/Content/KenneySpritePack/Players/Green/Textures/alienGreen_jump.uasset" 776
"/Users/jsalem/Library/Application Support/Epic/UnrealEngine/Common/DerivedDataCache/9/1/2/TEXTURE_75F87CE100B546AAB8A1C4132AF9DB17_AUTODXT_63AE85E34E6D4FE39E21AA86C9E4E__77E985D5249A6D831B90BE1112CFE5B9CD005F74.udd" 777
"/Users/jsalem/Library/Application Support/Epic/UnrealEngine/Common/DerivedDataCache/1/4/6/TEXTURE_75F87CE100B546AAB8A1C4132AF9DB17_AUTODXT_63AE85E34E6D4FE39E21AA86C9E4E__CADC9AEE8C2A623DEB4B5992CFBD3DDD6C4FF99C.udd" 778
"/Users/jsalem/Library/Application Support/Epic/UnrealEngine/4.5/Saved/Config/Mac/SourceControlSettings.ini" 779
"/Users/jsalem/Library/Preferences/Unreal Engine/PlatformerEditor/CleanSourceConfigs/SourceControlSettings.ini" 780
"/Users/jsalem/Library/Preferences/Unreal Engine/PlatformerEditor/Mac/SourceControlSettings.ini" 781
"../../../Engine/Content/EngineMaterials/RemoveSurfaceMaterial.uasset" 782
"../../../Engine/Content/EngineDebugMaterials/DebugMeshMaterial.uasset" 783
"../../../Engine/Content/EngineMaterials/M_InvalidLightmapSettings.uasset" 784
"../../../Engine/Content/EngineMaterials/InvalidLightmapSettings.uasset" 785
"../../../Engine/Content/EditorMaterials/GizmoMaterial.uasset" 786
"../../../Engine/Content/EngineMaterials/Good64x64TilingNoiseHighFreq.uasset" 787
"../../../Engine/Content/EngineMaterials/DefaultBokeh.uasset" 788
"../../../Engine/Content/EngineMaterials/PreintegratedSkinBRDF.uasset" 789
"../../../Engine/Content/EngineMaterials/MiniFont.uasset" 790
"../../../Engine/Content/EngineMaterials/WeightMapPlaceholderTexture.uasset" 791
"../../../Engine/Content/EngineMaterials/DefaultWhiteGrid.uasset" 792
"../../../Engine/Content/EngineMaterials/DefaultPhysicalMaterial.uasset" 793
"../../../Engine/Content/EngineFonts/TinyFont.uasset" 794
"../../../Engine/Content/EngineFonts/SmallFont.uasset" 795
"../../../../../../jsalem/Documents/Uchicago/CS220/cs220/Platformer/Intermediate/CachedAssetRegistry.bin" 796
"/Users/jsalem/Library/Application Support/Epic/UnrealEngine/Common/DerivedDataCache/9/0/9/TEXTURE_75F87CE100B546AAB8A1C4132AF9DB17_AUTODXT_3AAF078743EAADA1A1BE928F41C5B__67BE65EFD9C1AD78661B3D72773383B4228C9B26.udd" 797
"/Users/jsalem/Library/Application Support/Epic/UnrealEngine/Common/DerivedDataCache/8/6/6/TEXTURE_75F87CE100B546AAB8A1C4132AF9DB17_AUTODXT_3FD858FE4996BEFB8EAF97B4B75F1__4692F3DB4650925BB20BEE284477EE5CB9DE50ED.udd" 798
"/Users/jsalem/Library/Application Support/Epic/UnrealEngine/Common/DerivedDataCache/2/2/3/TEXTURE_75F87CE100B546AAB8A1C4132AF9DB17_AUTODXT_3A2C5136484CC97D7428D48586C93__50A0AA35D6D1A2FEEC8A8A141FC5F8C4E928DF8A.udd" 799
"/Users/jsalem/Library/Application Support/Epic/UnrealEngine/Common/DerivedDataCache/0/4/2/TEXTURE_75F87CE100B546AAB8A1C4132AF9DB17_AUTODXT_63AE85E34E6D4FE39E21AA86C9E4E__4ACFF1113A9A20114676B5F4F05E11159ACC877C.udd" 800
"../../../Engine/Content/MobileResources/HUD/VirtualJoystick_Thumb.uasset" 801
"../../../Engine/Content/MobileResources/HUD/VirtualJoystick_Background.uasset" 802
"../../../Engine/Content/MobileResources/HUD/T_Castle_ThumbstickOutter.uasset" 803
"../../../Engine/Content/MobileResources/HUD/T_Castle_ThumbstickInner.uasset" 804
"../../../Engine/Content/MobileResources/HUD/MobileHUDDirectionStick.uasset" 805
"../../../Engine/Content/MobileResources/HUD/MobileHUDDirectionPad3.uasset" 806
"../../../Engine/Content/MobileResources/HUD/MobileHUDDirectionPad2.uasset" 807
"../../../Engine/Content/MobileResources/HUD/MobileHUDDirectionPad.uasset" 808
"../../../Engine/Content/MobileResources/HUD/MobileHUDButtonFire.uasset" 809
"../../../Engine/Content/MobileResources/HUD/MobileHUDButton3.uasset" 810
"../../../Engine/Content/MobileResources/HUD/MobileHUDButton2_on.uasset" 811
"../../../Engine/Content/MobileResources/HUD/MobileHUDButton2_off.uasset" 812
"../../../Engine/Content/MobileResources/HUD/MobileHUDButton1_on.uasset" 813
"../../../Engine/Content/MobileResources/HUD/MobileHUDButton1_off.uasset" 814
"../../../Engine/Content/MobileResources/HUD/LeftVirtualJoystickOnly.uasset" 815
"../../../Engine/Content/MobileResources/HUD/DefaultVirtualJoysticks.uasset" 816
"../../../Engine/Content/MobileResources/HUD/AnalogHat.uasset" 817
"../../../Engine/Content/MobileResources/T_MobileMenu2.uasset" 818
"../../../Engine/Content/MobileResources/T_MobileControls_texture.uasset" 819
"../../../Engine/Content/Maps/Entry.umap" 820
"../../../Engine/Content/EngineMaterials/DefaultNormal.uasset" 821
"../../../../../../jsalem/Documents/Uchicago/CS220/cs220/Platformer/Saved/Autosaves/Game/Maps/UEDPCPlatformerMap.umap" 822
"../../../../../../jsalem/Documents/Uchicago/CS220/cs220/Platformer/Content/KenneySpritePack/Backgrounds/colored_grass_Sprite.uasset" 823
"../../../../../../jsalem/Documents/Uchicago/CS220/cs220/Platformer/Content/KenneySpritePack/Materials/MaskedUnlitSpriteMaterial.uasset" 824
"../../../../../../jsalem/Documents/Uchicago/CS220/cs220/Platformer/Content/KenneySpritePack/Backgrounds/Textures/colored_grass.uasset" 825
"../../../../../../jsalem/Documents/Uchicago/CS220/cs220/Platformer/Content/KenneySpritePack/Ground/Grass/grassCliff_left_Sprite.uasset" 826
"../../../../../../jsalem/Documents/Uchicago/CS220/cs220/Platformer/Content/KenneySpritePack/Ground/Grass/Textures/grassCliff_left.uasset" 827
"../../../../../../jsalem/Documents/Uchicago/CS220/cs220/Platformer/Content/KenneySpritePack/Ground/Grass/grassCliff_right_Sprite.uasset" 828
"../../../../../../jsalem/Documents/Uchicago/CS220/cs220/Platformer/Content/KenneySpritePack/Ground/Grass/Textures/grassCliff_right.uasset" 829
"../../../../../../jsalem/Documents/Uchicago/CS220/cs220/Platformer/Content/KenneySpritePack/Ground/Grass/grassLeft_Sprite.uasset" 830
"../../../../../../jsalem/Documents/Uchicago/CS220/cs220/Platformer/Content/KenneySpritePack/Ground/Grass/Textures/grassLeft.uasset" 831
"../../../../../../jsalem/Documents/Uchicago/CS220/cs220/Platformer/Content/KenneySpritePack/Ground/Grass/grassMid_Sprite.uasset" 832
"../../../../../../jsalem/Documents/Uchicago/CS220/cs220/Platformer/Content/KenneySpritePack/Ground/Grass/Textures/grassMid.uasset" 833
"../../../../../../jsalem/Documents/Uchicago/CS220/cs220/Platformer/Content/KenneySpritePack/Ground/Grass/grassRight_Sprite.uasset" 834
"../../../../../../jsalem/Documents/Uchicago/CS220/cs220/Platformer/Content/KenneySpritePack/Ground/Grass/Textures/grassRight.uasset" 835
"../../../../../../jsalem/Documents/Uchicago/CS220/cs220/Platformer/Content/Sprites/Platform.uasset" 836
"../../../../../../jsalem/Documents/Uchicago/CS220/cs220/Platformer/Content/Textures/2DBackgroundBlockAtlas.uasset" 837
"../../../../../../jsalem/Documents/Uchicago/CS220/cs220/Platformer/Content/Sprites/PrototypingSprite.uasset" 838
"../../../../../../jsalem/Documents/Uchicago/CS220/cs220/Platformer/Content/Materials/PrototypeMaterial.uasset" 839
"../../../../../../jsalem/Documents/Uchicago/CS220/cs220/Platformer/Content/Textures/PrototypeTexture.uasset" 840
"/Users/jsalem/Library/Application Support/Epic/UnrealEngine/Common/DerivedDataCache/2/1/1/TEXTURE_75F87CE100B546AAB8A1C4132AF9DB17_AUTODXT_EA13FA0246F9B29DB195E79364DBE__74AB5BBE500676D94ED14952101F430C7D588F88.udd" 841
"/Users/jsalem/Library/Application Support/Epic/UnrealEngine/Common/DerivedDataCache/5/5/6/TEXTURE_75F87CE100B546AAB8A1C4132AF9DB17_AUTODXT_869628A3445B724F73F05E80C9877__6BBFA7372C0A51F3B56970B3C0247C945B19F156.udd" 842
"/Users/jsalem/Library/Application Support/Epic/UnrealEngine/Common/DerivedDataCache/5/0/0/TEXTURE_75F87CE100B546AAB8A1C4132AF9DB17_AUTODXT_22DB65984BA30EE0A471D3A907813__D3299AEFBD740D9AAFB903EC8F10CAD73FE92905.udd" 843
"/Users/jsalem/Library/Application Support/Epic/UnrealEngine/Common/DerivedDataCache/3/2/2/TEXTURE_75F87CE100B546AAB8A1C4132AF9DB17_AUTODXT_EA13FA0246F9B29DB195E79364DBE__FE13368475F124B4C6A0A0D91B67AFACD731D1FC.udd" 844
"/Users/jsalem/Library/Application Support/Epic/UnrealEngine/Common/DerivedDataCache/9/3/3/TEXTURE_75F87CE100B546AAB8A1C4132AF9DB17_AUTODXT_869628A3445B724F73F05E80C9877__30E42E4255F5D7D39AE2BE34F375C450C4542A1F.udd" 845
"/Users/jsalem/Library/Application Support/Epic/UnrealEngine/Common/DerivedDataCache/0/2/9/TEXTURE_75F87CE100B546AAB8A1C4132AF9DB17_AUTODXT_22DB65984BA30EE0A471D3A907813__3EB22B1DDB56EF214D206458BF076FC68B609E00.udd" 846
"/Users/jsalem/Library/Application Support/Epic/UnrealEngine/Common/DerivedDataCache/0/2/1/TEXTURE_75F87CE100B546AAB8A1C4132AF9DB17_AUTODXT_1F2A51744554C71380B438945A4DA__A77FEA5069673776B172555361849CDEDED6533E.udd" 847
"/Users/jsalem/Library/Application Support/Epic/UnrealEngine/Common/DerivedDataCache/2/0/7/TEXTURE_75F87CE100B546AAB8A1C4132AF9DB17_AUTODXT_1F2A51744554C71380B438945A4DA__CE32791431924D9A4967739A7D4ED0D412A43F0D.udd" 848
"/Users/jsalem/Library/Application Support/Epic/UnrealEngine/Common/DerivedDataCache/8/4/5/TEXTURE_75F87CE100B546AAB8A1C4132AF9DB17_AUTODXT_4FB99A3A4A99E11372751F9EA200C__29D244D5D691F37E1B78A6262BF3EEB67B3ACD8F.udd" 849
"/Users/jsalem/Library/Application Support/Epic/UnrealEngine/Common/DerivedDataCache/6/8/4/TEXTURE_75F87CE100B546AAB8A1C4132AF9DB17_AUTODXT_4FB99A3A4A99E11372751F9EA200C__75FB7FF06534BF78EB0243CD21837241BCBDA916.udd" 850
"/Users/jsalem/Library/Application Support/Epic/UnrealEngine/Common/DerivedDataCache/4/2/9/TEXTURE_75F87CE100B546AAB8A1C4132AF9DB17_AUTODXT_869628A3445B724F73F05E80C9877__975EF1B04B01D53E899CA80BC3B8A2B75021DD6A.udd" 851
"/Users/jsalem/Library/Application Support/Epic/UnrealEngine/Common/DerivedDataCache/6/6/0/TEXTURE_75F87CE100B546AAB8A1C4132AF9DB17_AUTODXT_4D881DD245BC6C8C9A44CDA8D5C52__39E5AD2D43C527A90B8BA2196091BAC9E3D97AFD.udd" 852
"/Users/jsalem/Library/Application Support/Epic/UnrealEngine/Common/DerivedDataCache/5/9/4/TEXTURE_75F87CE100B546AAB8A1C4132AF9DB17_AUTODXT_DFEF6F6C48789F25CD3338B4C2A0A__5155CE544442B11DEBB3B3DD0DA1B76E01FB3D2F.udd" 853
"/Users/jsalem/Library/Application Support/Epic/UnrealEngine/Common/DerivedDataCache/4/3/4/TEXTURE_75F87CE100B546AAB8A1C4132AF9DB17_AUTODXT_869628A3445B724F73F05E80C9877__22C256B77AA5BBC66F16E492A3CC510B3FA47CFE.udd" 854
"/Users/jsalem/Library/Application Support/Epic/UnrealEngine/Common/DerivedDataCache/8/8/9/TEXTURE_75F87CE100B546AAB8A1C4132AF9DB17_AUTODXT_4D881DD245BC6C8C9A44CDA8D5C52__DCCC6C816D85DF595D439EB98A0F8861820CF425.udd" 855
"/Users/jsalem/Library/Application Support/Epic/UnrealEngine/Common/DerivedDataCache/2/1/7/TEXTURE_75F87CE100B546AAB8A1C4132AF9DB17_AUTODXT_869628A3445B724F73F05E80C9877__588FBAADA9A63B46EAC3799EDF63A2816DF20FAC.udd" 856
"/Users/jsalem/Library/Application Support/Epic/UnrealEngine/Common/DerivedDataCache/6/5/2/TEXTURE_75F87CE100B546AAB8A1C4132AF9DB17_AUTODXT_68E669A64B66F485830C239AE4B96__0BC2C3C125FE352CE1C6D65419214EC0C02ADCA8.udd" 857
"/Users/jsalem/Library/Application Support/Epic/UnrealEngine/Common/DerivedDataCache/9/3/7/TEXTURE_75F87CE100B546AAB8A1C4132AF9DB17_AUTODXT_DFEF6F6C48789F25CD3338B4C2A0A__64766E350EB5077E92CB71B5DEBB6B36FFB03F9A.udd" 858
"/Users/jsalem/Library/Application Support/Epic/UnrealEngine/Common/DerivedDataCache/5/9/9/TEXTURE_75F87CE100B546AAB8A1C4132AF9DB17_AUTODXT_DFEF6F6C48789F25CD3338B4C2A0A__439D8B6A38F5CF043D525F336A0B7D0C0D3AA090.udd" 859
"/Users/jsalem/Library/Application Support/Epic/UnrealEngine/Common/DerivedDataCache/9/6/7/TEXTURE_75F87CE100B546AAB8A1C4132AF9DB17_AUTODXT_68E669A64B66F485830C239AE4B96__32D783F124F8CF608FE6DD911F23C049B884B6C0.udd" 860
"/Users/jsalem/Library/Application Support/Epic/UnrealEngine/Common/DerivedDataCache/7/0/0/TEXTURE_75F87CE100B546AAB8A1C4132AF9DB17_AUTODXT_68E669A64B66F485830C239AE4B96__FEE82780326142F7FCB186D65AB43429A91ECFA1.udd" 861
"/Users/jsalem/Library/Application Support/Epic/UnrealEngine/Common/DerivedDataCache/0/6/5/TEXTURE_75F87CE100B546AAB8A1C4132AF9DB17_AUTODXT_DFEF6F6C48789F25CD3338B4C2A0A__E0B6F9129B7C3066C847FFAE7BD3F6C0D265172A.udd" 862
"/Users/jsalem/Library/Application Support/Epic/UnrealEngine/Common/DerivedDataCache/7/6/9/TEXTURE_75F87CE100B546AAB8A1C4132AF9DB17_AUTODXT_DFEF6F6C48789F25CD3338B4C2A0A__4336E6E9EC16ACAA61252807274FEDE34D3D24D1.udd" 863
"/Users/jsalem/Library/Application Support/Epic/UnrealEngine/Common/DerivedDataCache/2/1/8/MATSM_E1C1E89EE9AE4F3CA7B8E0F1C49B34EB_GLSL_150_MAC_1795__BC5N_BMSIN_DEV_SL_NO__D8CD814B681D0541B3D88A5B8774FCFC6C892116.udd" 864
